admin['$cmd'].find({:ismaster=>1}, {}).limit(-1)
admin['$cmd'].find({:buildinfo=>1}, {}).limit(-1)
admin['$cmd'].find({:ismaster=>1}, {}).limit(-1)
admin['$cmd'].find({:buildinfo=>1}, {}).limit(-1)


Started GET "/articles" for 127.0.0.1 at 2010-11-11 10:48:37 -0500
  Processing by ArticlesController#index as HTML
mongoidism_development['articles'].find({}, {})
Rendered articles/index.html.erb within layouts/application (189.7ms)
Completed 200 OK in 397ms (Views: 395.3ms | ActiveRecord: 0.0ms)


Started GET "/articles/new" for 127.0.0.1 at 2010-11-11 10:48:46 -0500
  Processing by ArticlesController#new as HTML
Rendered articles/_form.html.erb (13.0ms)
Rendered articles/new.html.erb within layouts/application (20.0ms)
Completed 200 OK in 29ms (Views: 27.0ms | ActiveRecord: 0.0ms)


Started POST "/articles" for 127.0.0.1 at 2010-11-11 10:49:32 -0500
  Processing by ArticlesController#create as HTML
  Parameters: {"utf8"=>"✓", "authenticity_token"=>"7O+T1kA2tkhRH3GVXCJi+8hH/nWfuvhSUW3kn0keYXo=", "article"=>{"name"=>"Joyous creation", "author"=>"Myway", "blog"=>"His divine blogness", "content"=>"Let there be blog.  And there was blog."}, "commit"=>"Create Article"}
MONGODB mongoidism_development['articles'].insert([{"name"=>"Joyous creation", "author"=>"Myway", "blog"=>"His divine blogness", "content"=>"Let there be blog.  And there was blog.", "_id"=>BSON::ObjectId('4cdc108c421aa92679000002')}])
Redirected to http://localhost:7890/articles/4cdc108c421aa92679000002
Completed 302 Found in 5ms


Started GET "/articles/4cdc108c421aa92679000002" for 127.0.0.1 at 2010-11-11 10:49:32 -0500
  Processing by ArticlesController#show as HTML
  Parameters: {"id"=>"4cdc108c421aa92679000002"}
mongoidism_development['articles'].find({:_id=>BSON::ObjectId('4cdc108c421aa92679000002')}, {}).limit(-1)
Rendered articles/show.html.erb within layouts/application (5.4ms)
Completed 200 OK in 265ms (Views: 14.1ms | ActiveRecord: 0.0ms)


Started GET "/articles" for 127.0.0.1 at 2010-11-11 10:51:07 -0500
  Processing by ArticlesController#index as HTML
mongoidism_development['articles'].find({}, {})
Rendered articles/index.html.erb within layouts/application (11.8ms)
Completed 200 OK in 20ms (Views: 18.7ms | ActiveRecord: 0.0ms)


Started GET "/articles/new" for 127.0.0.1 at 2010-11-11 10:51:09 -0500
  Processing by ArticlesController#new as HTML
Rendered articles/_form.html.erb (8.1ms)
Rendered articles/new.html.erb within layouts/application (17.1ms)
Completed 200 OK in 27ms (Views: 23.9ms | ActiveRecord: 0.0ms)


Started POST "/articles" for 127.0.0.1 at 2010-11-11 10:51:37 -0500
  Processing by ArticlesController#create as HTML
  Parameters: {"utf8"=>"✓", "authenticity_token"=>"7O+T1kA2tkhRH3GVXCJi+8hH/nWfuvhSUW3kn0keYXo=", "article"=>{"name"=>"Angels already", "author"=>"Michael", "blog"=>"Creation blog", "content"=>"Let's make some angels already."}, "commit"=>"Create Article"}
MONGODB mongoidism_development['articles'].insert([{"name"=>"Angels already", "author"=>"Michael", "blog"=>"Creation blog", "content"=>"Let's make some angels already.", "_id"=>BSON::ObjectId('4cdc1109421aa92679000004')}])
Redirected to http://localhost:7890/articles/4cdc1109421aa92679000004
Completed 302 Found in 5ms


Started GET "/articles/4cdc1109421aa92679000004" for 127.0.0.1 at 2010-11-11 10:51:37 -0500
  Processing by ArticlesController#show as HTML
  Parameters: {"id"=>"4cdc1109421aa92679000004"}
mongoidism_development['articles'].find({:_id=>BSON::ObjectId('4cdc1109421aa92679000004')}, {}).limit(-1)
Rendered articles/show.html.erb within layouts/application (6.3ms)
Completed 200 OK in 33ms (Views: 26.3ms | ActiveRecord: 0.0ms)


Started GET "/articles" for 127.0.0.1 at 2010-11-11 10:51:46 -0500
  Processing by ArticlesController#index as HTML
mongoidism_development['articles'].find({}, {})
Rendered articles/index.html.erb within layouts/application (31.0ms)
Completed 200 OK in 45ms (Views: 42.9ms | ActiveRecord: 0.0ms)


Started GET "/articles/4cdc1109421aa92679000004/edit" for 127.0.0.1 at 2010-11-11 10:51:49 -0500
  Processing by ArticlesController#edit as HTML
  Parameters: {"id"=>"4cdc1109421aa92679000004"}
mongoidism_development['articles'].find({:_id=>BSON::ObjectId('4cdc1109421aa92679000004')}, {}).limit(-1)
Rendered articles/_form.html.erb (10.2ms)
Rendered articles/edit.html.erb within layouts/application (18.4ms)
Completed 200 OK in 29ms (Views: 26.9ms | ActiveRecord: 0.0ms)


Started GET "/articles" for 127.0.0.1 at 2010-11-11 10:52:33 -0500
  Processing by ArticlesController#index as HTML
mongoidism_development['articles'].find({}, {})
Rendered articles/index.html.erb within layouts/application (11.8ms)
Completed 200 OK in 21ms (Views: 19.4ms | ActiveRecord: 0.0ms)


Started GET "/articles/new" for 127.0.0.1 at 2010-11-11 10:52:35 -0500
  Processing by ArticlesController#new as HTML
Rendered articles/_form.html.erb (8.3ms)
Rendered articles/new.html.erb within layouts/application (15.7ms)
Completed 200 OK in 24ms (Views: 22.9ms | ActiveRecord: 0.0ms)


Started POST "/articles" for 127.0.0.1 at 2010-11-11 10:52:49 -0500
  Processing by ArticlesController#create as HTML
  Parameters: {"utf8"=>"✓", "authenticity_token"=>"7O+T1kA2tkhRH3GVXCJi+8hH/nWfuvhSUW3kn0keYXo=", "article"=>{"name"=>"Test3", "author"=>"Shameless", "blog"=>"Let's copy stuff", "content"=>"Gerald Marzorati, the assistant managing editor for new media and strategic initiatives at the New York Times, said something out loud during a recent panel discussion that everyone knows, but no one really wants to admit: using a credit card separates you from how much you're really spending, and subscribers seem blissfully unaware of subscription hikes.\r\n\r\nOf course, it helps that subscriptions auto-renew, forcing subscribers to choose to opt out.\r\n\r\n\"We have north of 800,000 subscribers paying north of $700 a year for home delivery,\" Marzorati said. \"Of course, they don't seem to know that.\"\r\nAs evidence that Times subscribers don't realize how much a subscription costs, he pointed to what happened when the paper raised its home-delivery price by 5 percent during the recession: Only 0.01 percent of subscribers canceled. \"I think a lot of it has to do with the fact that they're literally not understanding what they're paying,\" he said. \"That's the beauty of the credit card.\"\r\n"}, "commit"=>"Create Article"}
MONGODB mongoidism_development['articles'].insert([{"name"=>"Test3", "author"=>"Shameless", "blog"=>"Let's copy stuff", "content"=>"Gerald Marzorati, the assistant managing editor for new media and strategic initiatives at the New York Times, said something out loud during a recent panel discussion that everyone knows, but no one really wants to admit: using a credit card separates you from how much you're really spending, and subscribers seem blissfully unaware of subscription hikes.\r\n\r\nOf course, it helps that subscriptions auto-renew, forcing subscribers to choose to opt out.\r\n\r\n\"We have north of 800,000 subscribers paying north of $700 a year for home delivery,\" Marzorati said. \"Of course, they don't seem to know that.\"\r\nAs evidence that Times subscribers don't realize how much a subscription costs, he pointed to what happened when the paper raised its home-delivery price by 5 percent during the recession: Only 0.01 percent of subscribers canceled. \"I think a lot of it has to do with the fact that they're literally not understanding what they're paying,\" he said. \"That's the beauty of the credit card.\"\r\n", "_id"=>BSON::ObjectId('4cdc1151421aa92679000006')}])
Redirected to http://localhost:7890/articles/4cdc1151421aa92679000006
Completed 302 Found in 5ms


Started GET "/articles/4cdc1151421aa92679000006" for 127.0.0.1 at 2010-11-11 10:52:49 -0500
  Processing by ArticlesController#show as HTML
  Parameters: {"id"=>"4cdc1151421aa92679000006"}
mongoidism_development['articles'].find({:_id=>BSON::ObjectId('4cdc1151421aa92679000006')}, {}).limit(-1)
Rendered articles/show.html.erb within layouts/application (5.7ms)
Completed 200 OK in 26ms (Views: 20.6ms | ActiveRecord: 0.0ms)


Started GET "/articles" for 127.0.0.1 at 2010-11-11 10:52:55 -0500
  Processing by ArticlesController#index as HTML
mongoidism_development['articles'].find({}, {})
Rendered articles/index.html.erb within layouts/application (15.7ms)
Completed 200 OK in 25ms (Views: 23.9ms | ActiveRecord: 0.0ms)


Started GET "/articles" for 127.0.0.1 at 2010-11-11 13:04:09 -0500
  Processing by ArticlesController#index as HTML
mongoidism_development['articles'].find({}, {})
Rendered articles/index.html.erb within layouts/application (514.5ms)
Completed 200 OK in 754ms (Views: 752.1ms | ActiveRecord: 0.0ms)


Started GET "/articles/new" for 127.0.0.1 at 2010-11-11 13:09:14 -0500
  Processing by ArticlesController#new as HTML
Rendered articles/_form.html.erb (14.5ms)
Rendered articles/new.html.erb within layouts/application (23.6ms)
Completed 200 OK in 156ms (Views: 154.5ms | ActiveRecord: 0.0ms)


Started GET "/articles/new" for 127.0.0.1 at 2010-11-11 13:15:47 -0500
  Processing by ArticlesController#new as HTML
Rendered articles/_form.html.erb (424.5ms)
Rendered articles/new.html.erb within layouts/application (431.9ms)
Completed 200 OK in 442ms (Views: 440.1ms | ActiveRecord: 0.0ms)


Started POST "/articles" for 127.0.0.1 at 2010-11-11 13:16:20 -0500
  Processing by ArticlesController#create as HTML
  Parameters: {"utf8"=>"✓", "authenticity_token"=>"ocGhX+N+Oq52VTUSLQZbCeHqBs3ueMTQz1xoZIqLU8E=", "article"=>{"name"=>"Dating", "author"=>"Sir Punsalot", "blog"=>"This article is so dated!", "published_on(1i)"=>"2010", "published_on(2i)"=>"11", "published_on(3i)"=>"11", "content"=>"Hahahahahaha"}, "commit"=>"Create Article"}
MONGODB mongoidism_development['articles'].insert([{"name"=>"Dating", "author"=>"Sir Punsalot", "blog"=>"This article is so dated!", "content"=>"Hahahahahaha", "published_on"=>2010-11-11 00:00:00 UTC, "_id"=>BSON::ObjectId('4cdc32f4421aa92679000009')}])
Redirected to http://localhost:7890/articles/4cdc32f4421aa92679000009
Completed 302 Found in 89ms


Started GET "/articles/4cdc32f4421aa92679000009" for 127.0.0.1 at 2010-11-11 13:16:20 -0500
  Processing by ArticlesController#show as HTML
  Parameters: {"id"=>"4cdc32f4421aa92679000009"}
mongoidism_development['articles'].find({:_id=>BSON::ObjectId('4cdc32f4421aa92679000009')}, {}).limit(-1)
Rendered articles/show.html.erb within layouts/application (5.5ms)
Completed 200 OK in 31ms (Views: 12.8ms | ActiveRecord: 0.0ms)


Started GET "/articles" for 127.0.0.1 at 2010-11-11 13:16:23 -0500
  Processing by ArticlesController#index as HTML
mongoidism_development['articles'].find({}, {})
Rendered articles/index.html.erb within layouts/application (33.0ms)
Completed 200 OK in 47ms (Views: 45.1ms | ActiveRecord: 0.0ms)


Started GET "/articles/4cdc108c421aa92679000002" for 127.0.0.1 at 2010-11-11 13:16:28 -0500
  Processing by ArticlesController#show as HTML
  Parameters: {"id"=>"4cdc108c421aa92679000002"}
mongoidism_development['articles'].find({:_id=>BSON::ObjectId('4cdc108c421aa92679000002')}, {}).limit(-1)
Rendered articles/show.html.erb within layouts/application (6.7ms)
Completed 200 OK in 16ms (Views: 13.4ms | ActiveRecord: 0.0ms)


Started GET "/articles/4cdc108c421aa92679000002/edit" for 127.0.0.1 at 2010-11-11 13:16:30 -0500
  Processing by ArticlesController#edit as HTML
  Parameters: {"id"=>"4cdc108c421aa92679000002"}
mongoidism_development['articles'].find({:_id=>BSON::ObjectId('4cdc108c421aa92679000002')}, {}).limit(-1)
Rendered articles/_form.html.erb (15.5ms)
Rendered articles/edit.html.erb within layouts/application (23.3ms)
Completed 200 OK in 33ms (Views: 30.6ms | ActiveRecord: 0.0ms)


Started POST "/articles/4cdc108c421aa92679000002" for 127.0.0.1 at 2010-11-11 13:16:32 -0500
  Processing by ArticlesController#update as HTML
  Parameters: {"utf8"=>"✓", "authenticity_token"=>"ocGhX+N+Oq52VTUSLQZbCeHqBs3ueMTQz1xoZIqLU8E=", "article"=>{"name"=>"Joyous creation", "author"=>"Myway", "blog"=>"His divine blogness", "published_on(1i)"=>"2010", "published_on(2i)"=>"11", "published_on(3i)"=>"11", "content"=>"Let there be blog.  And there was blog."}, "commit"=>"Update Article", "id"=>"4cdc108c421aa92679000002"}
mongoidism_development['articles'].find({:_id=>BSON::ObjectId('4cdc108c421aa92679000002')}, {}).limit(-1)
MONGODB mongoidism_development['articles'].update({"_id"=>BSON::ObjectId('4cdc108c421aa92679000002')}, {"$set"=>{"published_on"=>2010-11-11 00:00:00 UTC}})
Redirected to http://localhost:7890/articles/4cdc108c421aa92679000002
Completed 302 Found in 7ms


Started GET "/articles/4cdc108c421aa92679000002" for 127.0.0.1 at 2010-11-11 13:16:32 -0500
  Processing by ArticlesController#show as HTML
  Parameters: {"id"=>"4cdc108c421aa92679000002"}
mongoidism_development['articles'].find({:_id=>BSON::ObjectId('4cdc108c421aa92679000002')}, {}).limit(-1)
Rendered articles/show.html.erb within layouts/application (5.4ms)
Completed 200 OK in 16ms (Views: 13.4ms | ActiveRecord: 0.0ms)


Started GET "/articles" for 127.0.0.1 at 2010-11-11 13:17:00 -0500
  Processing by ArticlesController#index as HTML
mongoidism_development['articles'].find({}, {})
Rendered articles/index.html.erb within layouts/application (18.8ms)
Completed 200 OK in 28ms (Views: 27.1ms | ActiveRecord: 0.0ms)


Started GET "/articles/4cdc1151421aa92679000006/edit" for 127.0.0.1 at 2010-11-11 13:17:03 -0500
  Processing by ArticlesController#edit as HTML
  Parameters: {"id"=>"4cdc1151421aa92679000006"}
mongoidism_development['articles'].find({:_id=>BSON::ObjectId('4cdc1151421aa92679000006')}, {}).limit(-1)
Rendered articles/_form.html.erb (14.0ms)
Rendered articles/edit.html.erb within layouts/application (21.2ms)
Completed 200 OK in 32ms (Views: 28.6ms | ActiveRecord: 0.0ms)


Started POST "/articles/4cdc1151421aa92679000006" for 127.0.0.1 at 2010-11-11 13:17:05 -0500
  Processing by ArticlesController#update as HTML
  Parameters: {"utf8"=>"✓", "authenticity_token"=>"ocGhX+N+Oq52VTUSLQZbCeHqBs3ueMTQz1xoZIqLU8E=", "article"=>{"name"=>"Test3", "author"=>"Shameless", "blog"=>"Let's copy stuff", "published_on(1i)"=>"2010", "published_on(2i)"=>"11", "published_on(3i)"=>"11", "content"=>"Gerald Marzorati, the assistant managing editor for new media and strategic initiatives at the New York Times, said something out loud during a recent panel discussion that everyone knows, but no one really wants to admit: using a credit card separates you from how much you're really spending, and subscribers seem blissfully unaware of subscription hikes.\r\n\r\nOf course, it helps that subscriptions auto-renew, forcing subscribers to choose to opt out.\r\n\r\n\"We have north of 800,000 subscribers paying north of $700 a year for home delivery,\" Marzorati said. \"Of course, they don't seem to know that.\"\r\nAs evidence that Times subscribers don't realize how much a subscription costs, he pointed to what happened when the paper raised its home-delivery price by 5 percent during the recession: Only 0.01 percent of subscribers canceled. \"I think a lot of it has to do with the fact that they're literally not understanding what they're paying,\" he said. \"That's the beauty of the credit card.\"\r\n"}, "commit"=>"Update Article", "id"=>"4cdc1151421aa92679000006"}
mongoidism_development['articles'].find({:_id=>BSON::ObjectId('4cdc1151421aa92679000006')}, {}).limit(-1)
MONGODB mongoidism_development['articles'].update({"_id"=>BSON::ObjectId('4cdc1151421aa92679000006')}, {"$set"=>{"published_on"=>2010-11-11 00:00:00 UTC}})
Redirected to http://localhost:7890/articles/4cdc1151421aa92679000006
Completed 302 Found in 7ms


Started GET "/articles/4cdc1151421aa92679000006" for 127.0.0.1 at 2010-11-11 13:17:05 -0500
  Processing by ArticlesController#show as HTML
  Parameters: {"id"=>"4cdc1151421aa92679000006"}
mongoidism_development['articles'].find({:_id=>BSON::ObjectId('4cdc1151421aa92679000006')}, {}).limit(-1)
Rendered articles/show.html.erb within layouts/application (6.2ms)
Completed 200 OK in 18ms (Views: 13.4ms | ActiveRecord: 0.0ms)


Started GET "/articles" for 127.0.0.1 at 2010-11-11 13:17:07 -0500
  Processing by ArticlesController#index as HTML
mongoidism_development['articles'].find({}, {})
Rendered articles/index.html.erb within layouts/application (19.2ms)
Completed 200 OK in 28ms (Views: 26.2ms | ActiveRecord: 0.0ms)


Started GET "/articles/4cdc1151421aa92679000006/edit" for 127.0.0.1 at 2010-11-11 13:17:08 -0500
  Processing by ArticlesController#edit as HTML
  Parameters: {"id"=>"4cdc1151421aa92679000006"}
mongoidism_development['articles'].find({:_id=>BSON::ObjectId('4cdc1151421aa92679000006')}, {}).limit(-1)
Rendered articles/_form.html.erb (14.2ms)
Rendered articles/edit.html.erb within layouts/application (21.4ms)
Completed 200 OK in 31ms (Views: 28.3ms | ActiveRecord: 0.0ms)


Started GET "/articles" for 127.0.0.1 at 2010-11-11 13:17:11 -0500
  Processing by ArticlesController#index as HTML
mongoidism_development['articles'].find({}, {})
Rendered articles/index.html.erb within layouts/application (18.5ms)
Completed 200 OK in 28ms (Views: 26.4ms | ActiveRecord: 0.0ms)


Started GET "/articles.xml" for 127.0.0.1 at 2010-11-11 14:01:46 -0500
  Processing by ArticlesController#index as XML
Completed 200 OK in 6ms (Views: 4.8ms | ActiveRecord: 0.0ms)
mongoidism_development['articles'].find({}, {})
mongoidism_development['articles'].find({}, {})
mongoidism_development['articles'].find({}, {})


Started GET "/articles/4cdc32f4421aa92679000009" for 127.0.0.1 at 2010-11-11 14:01:50 -0500
  Processing by ArticlesController#show as HTML
  Parameters: {"id"=>"4cdc32f4421aa92679000009"}
mongoidism_development['articles'].find({:_id=>BSON::ObjectId('4cdc32f4421aa92679000009')}, {}).limit(-1)
Rendered articles/show.html.erb within layouts/application (6.7ms)
Completed 200 OK in 16ms (Views: 13.3ms | ActiveRecord: 0.0ms)


Started GET "/articles/4cdc32f4421aa92679000009.xml" for 127.0.0.1 at 2010-11-11 14:01:55 -0500
  Processing by ArticlesController#show as XML
  Parameters: {"id"=>"4cdc32f4421aa92679000009"}
mongoidism_development['articles'].find({:_id=>BSON::ObjectId('4cdc32f4421aa92679000009')}, {}).limit(-1)
Completed 200 OK in 573ms (Views: 569.9ms | ActiveRecord: 0.0ms)


Started GET "/articles/4cdc1151421aa92679000006" for 127.0.0.1 at 2010-11-11 14:02:07 -0500
  Processing by ArticlesController#show as HTML
  Parameters: {"id"=>"4cdc1151421aa92679000006"}
mongoidism_development['articles'].find({:_id=>BSON::ObjectId('4cdc1151421aa92679000006')}, {}).limit(-1)
Rendered articles/show.html.erb within layouts/application (6.1ms)
Completed 200 OK in 18ms (Views: 15.3ms | ActiveRecord: 0.0ms)


Started GET "/articles/4cdc1151421aa92679000006.xml" for 127.0.0.1 at 2010-11-11 14:02:12 -0500
  Processing by ArticlesController#show as XML
  Parameters: {"id"=>"4cdc1151421aa92679000006"}
mongoidism_development['articles'].find({:_id=>BSON::ObjectId('4cdc1151421aa92679000006')}, {}).limit(-1)
Completed 200 OK in 11ms (Views: 8.3ms | ActiveRecord: 0.0ms)


Started GET "/articles/4cdc1151421aa92679000006/edit" for 127.0.0.1 at 2010-11-11 15:05:20 -0500
  Processing by ArticlesController#edit as HTML
  Parameters: {"id"=>"4cdc1151421aa92679000006"}
mongoidism_development['articles'].find({:_id=>BSON::ObjectId('4cdc1151421aa92679000006')}, {}).limit(-1)
Rendered articles/_form.html.erb (15.8ms)
Rendered articles/edit.html.erb within layouts/application (23.2ms)
Completed 200 OK in 34ms (Views: 31.0ms | ActiveRecord: 0.0ms)
admin['$cmd'].find({:ismaster=>1}, {}).limit(-1)
admin['$cmd'].find({:buildinfo=>1}, {}).limit(-1)
admin['$cmd'].find({:ismaster=>1}, {}).limit(-1)
admin['$cmd'].find({:buildinfo=>1}, {}).limit(-1)


Started GET "/authors" for 127.0.0.1 at 2010-11-11 15:13:32 -0500
  Processing by AuthorsController#index as HTML
mongoidism_development['authors'].find({}, {})
Rendered authors/index.html.erb within layouts/application (9.2ms)
Completed 200 OK in 18ms (Views: 17.2ms | ActiveRecord: 0.0ms)


Started GET "/authors/new" for 127.0.0.1 at 2010-11-11 15:13:37 -0500
  Processing by AuthorsController#new as HTML
Rendered authors/_form.html.erb (290.9ms)
Rendered authors/new.html.erb within layouts/application (298.9ms)
Completed 200 OK in 308ms (Views: 306.2ms | ActiveRecord: 0.0ms)


Started POST "/authors" for 127.0.0.1 at 2010-11-11 15:14:08 -0500
  Processing by AuthorsController#create as HTML
  Parameters: {"utf8"=>"✓", "authenticity_token"=>"ocGhX+N+Oq52VTUSLQZbCeHqBs3ueMTQz1xoZIqLU8E=", "author"=>{"shortname"=>"Bushroot", "fullname"=>"Professor Bushroot", "login"=>"shrubbly", "password"=>"[FILTERED]", "modified_on(1i)"=>"2010", "modified_on(2i)"=>"11", "modified_on(3i)"=>"11"}, "commit"=>"Create Author"}
mongoidism_development['articles'].find({"author_id"=>"bushroot"}, {})
MONGODB mongoidism_development['authors'].insert([{"shortname"=>"Bushroot", "fullname"=>"Professor Bushroot", "login"=>"shrubbly", "password"=>"password", "modified_on"=>2010-11-11 00:00:00 UTC, "_id"=>"bushroot"}])
Redirected to http://localhost:7890/authors/bushroot
Completed 302 Found in 10ms


Started GET "/authors/bushroot" for 127.0.0.1 at 2010-11-11 15:14:08 -0500
  Processing by AuthorsController#show as HTML
  Parameters: {"id"=>"bushroot"}
mongoidism_development['authors'].find({:_id=>"bushroot"}, {}).limit(-1)
Rendered authors/show.html.erb within layouts/application (5.8ms)
Completed 200 OK in 16ms (Views: 13.7ms | ActiveRecord: 0.0ms)


Started GET "/articles" for 127.0.0.1 at 2010-11-11 15:14:17 -0500
  Processing by ArticlesController#index as HTML
mongoidism_development['articles'].find({}, {})
Rendered articles/index.html.erb within layouts/application (19.4ms)
Completed 200 OK in 28ms (Views: 26.1ms | ActiveRecord: 0.0ms)


Started GET "/articles/new" for 127.0.0.1 at 2010-11-11 15:14:19 -0500
  Processing by ArticlesController#new as HTML
mongoidism_development['authors'].find({}, {})
Rendered articles/_form.html.erb (21.7ms)
Rendered articles/new.html.erb within layouts/application (32.7ms)
Completed 200 OK in 43ms (Views: 40.9ms | ActiveRecord: 0.0ms)


Started POST "/articles" for 127.0.0.1 at 2010-11-11 15:14:42 -0500
  Processing by ArticlesController#create as HTML
  Parameters: {"utf8"=>"✓", "authenticity_token"=>"ocGhX+N+Oq52VTUSLQZbCeHqBs3ueMTQz1xoZIqLU8E=", "article"=>{"name"=>"Glitch in the code", "author_id"=>"bushroot", "blog"=>"Some stupid blog", "published_on(1i)"=>"2010", "published_on(2i)"=>"11", "published_on(3i)"=>"11", "content"=>"More greens please!"}, "commit"=>"Create Article"}
mongoidism_development['authors'].find({:_id=>"bushroot"}, {}).limit(-1)
MONGODB mongoidism_development['articles'].insert([{"name"=>"Glitch in the code", "author_id"=>"bushroot", "blog"=>"Some stupid blog", "content"=>"More greens please!", "published_on"=>2010-11-11 00:00:00 UTC, "_id"=>BSON::ObjectId('4cdc4eb2421aa9337d000003')}])
Redirected to http://localhost:7890/articles/4cdc4eb2421aa9337d000003
Completed 302 Found in 8ms


Started GET "/articles/4cdc4eb2421aa9337d000003" for 127.0.0.1 at 2010-11-11 15:14:42 -0500
  Processing by ArticlesController#show as HTML
  Parameters: {"id"=>"4cdc4eb2421aa9337d000003"}
mongoidism_development['articles'].find({:_id=>BSON::ObjectId('4cdc4eb2421aa9337d000003')}, {}).limit(-1)
mongoidism_development['authors'].find({:_id=>"bushroot"}, {}).limit(-1)
Rendered articles/show.html.erb within layouts/application (8.0ms)
Completed 200 OK in 20ms (Views: 17.6ms | ActiveRecord: 0.0ms)


Started GET "/articles" for 127.0.0.1 at 2010-11-11 15:14:44 -0500
  Processing by ArticlesController#index as HTML
mongoidism_development['articles'].find({}, {})
mongoidism_development['authors'].find({:_id=>"bushroot"}, {}).limit(-1)
Rendered articles/index.html.erb within layouts/application (26.3ms)
Completed 200 OK in 35ms (Views: 34.1ms | ActiveRecord: 0.0ms)


Started GET "/articles/4cdc1109421aa92679000004" for 127.0.0.1 at 2010-11-11 15:14:56 -0500
  Processing by ArticlesController#show as HTML
  Parameters: {"id"=>"4cdc1109421aa92679000004"}
mongoidism_development['articles'].find({:_id=>BSON::ObjectId('4cdc1109421aa92679000004')}, {}).limit(-1)
Rendered articles/show.html.erb within layouts/application (5.9ms)
Completed 200 OK in 17ms (Views: 14.0ms | ActiveRecord: 0.0ms)


Started GET "/articles/4cdc1109421aa92679000004/edit" for 127.0.0.1 at 2010-11-11 15:14:58 -0500
  Processing by ArticlesController#edit as HTML
  Parameters: {"id"=>"4cdc1109421aa92679000004"}
mongoidism_development['articles'].find({:_id=>BSON::ObjectId('4cdc1109421aa92679000004')}, {}).limit(-1)
mongoidism_development['authors'].find({}, {})
Rendered articles/_form.html.erb (16.3ms)
Rendered articles/edit.html.erb within layouts/application (23.2ms)
Completed 200 OK in 33ms (Views: 30.0ms | ActiveRecord: 0.0ms)


Started POST "/articles/4cdc1109421aa92679000004" for 127.0.0.1 at 2010-11-11 15:15:01 -0500
  Processing by ArticlesController#update as HTML
  Parameters: {"utf8"=>"✓", "authenticity_token"=>"ocGhX+N+Oq52VTUSLQZbCeHqBs3ueMTQz1xoZIqLU8E=", "article"=>{"name"=>"Angels already", "author_id"=>"bushroot", "blog"=>"Creation blog", "published_on(1i)"=>"2010", "published_on(2i)"=>"11", "published_on(3i)"=>"11", "content"=>"Let's make some angels already."}, "commit"=>"Update Article", "id"=>"4cdc1109421aa92679000004"}
mongoidism_development['articles'].find({:_id=>BSON::ObjectId('4cdc1109421aa92679000004')}, {}).limit(-1)
mongoidism_development['authors'].find({:_id=>"bushroot"}, {}).limit(-1)
MONGODB mongoidism_development['articles'].update({"_id"=>BSON::ObjectId('4cdc1109421aa92679000004')}, {"$set"=>{"author_id"=>"bushroot", "published_on"=>2010-11-11 00:00:00 UTC}})
Redirected to http://localhost:7890/articles/4cdc1109421aa92679000004
Completed 302 Found in 9ms


Started GET "/articles/4cdc1109421aa92679000004" for 127.0.0.1 at 2010-11-11 15:15:01 -0500
  Processing by ArticlesController#show as HTML
  Parameters: {"id"=>"4cdc1109421aa92679000004"}
mongoidism_development['articles'].find({:_id=>BSON::ObjectId('4cdc1109421aa92679000004')}, {}).limit(-1)
mongoidism_development['authors'].find({:_id=>"bushroot"}, {}).limit(-1)
Rendered articles/show.html.erb within layouts/application (7.7ms)
Completed 200 OK in 18ms (Views: 14.9ms | ActiveRecord: 0.0ms)


Started GET "/articles" for 127.0.0.1 at 2010-11-11 15:15:03 -0500
  Processing by ArticlesController#index as HTML
mongoidism_development['articles'].find({}, {})
mongoidism_development['authors'].find({:_id=>"bushroot"}, {}).limit(-1)
mongoidism_development['authors'].find({:_id=>"bushroot"}, {}).limit(-1)
Rendered articles/index.html.erb within layouts/application (41.0ms)
Completed 200 OK in 50ms (Views: 49.3ms | ActiveRecord: 0.0ms)


Started GET "/articles/4cdc1151421aa92679000006/edit" for 127.0.0.1 at 2010-11-11 15:15:09 -0500
  Processing by ArticlesController#edit as HTML
  Parameters: {"id"=>"4cdc1151421aa92679000006"}
mongoidism_development['articles'].find({:_id=>BSON::ObjectId('4cdc1151421aa92679000006')}, {}).limit(-1)
mongoidism_development['authors'].find({}, {})
Rendered articles/_form.html.erb (16.0ms)
Rendered articles/edit.html.erb within layouts/application (23.2ms)
Completed 200 OK in 33ms (Views: 30.1ms | ActiveRecord: 0.0ms)


Started POST "/articles/4cdc1151421aa92679000006" for 127.0.0.1 at 2010-11-11 15:15:12 -0500
  Processing by ArticlesController#update as HTML
  Parameters: {"utf8"=>"✓", "authenticity_token"=>"ocGhX+N+Oq52VTUSLQZbCeHqBs3ueMTQz1xoZIqLU8E=", "article"=>{"name"=>"Test3", "author_id"=>"bushroot", "blog"=>"Let's copy stuff", "published_on(1i)"=>"2010", "published_on(2i)"=>"11", "published_on(3i)"=>"11", "content"=>"Gerald Marzorati, the assistant managing editor for new media and strategic initiatives at the New York Times, said something out loud during a recent panel discussion that everyone knows, but no one really wants to admit: using a credit card separates you from how much you're really spending, and subscribers seem blissfully unaware of subscription hikes.\r\n\r\nOf course, it helps that subscriptions auto-renew, forcing subscribers to choose to opt out.\r\n\r\n\"We have north of 800,000 subscribers paying north of $700 a year for home delivery,\" Marzorati said. \"Of course, they don't seem to know that.\"\r\nAs evidence that Times subscribers don't realize how much a subscription costs, he pointed to what happened when the paper raised its home-delivery price by 5 percent during the recession: Only 0.01 percent of subscribers canceled. \"I think a lot of it has to do with the fact that they're literally not understanding what they're paying,\" he said. \"That's the beauty of the credit card.\"\r\n"}, "commit"=>"Update Article", "id"=>"4cdc1151421aa92679000006"}
mongoidism_development['articles'].find({:_id=>BSON::ObjectId('4cdc1151421aa92679000006')}, {}).limit(-1)
mongoidism_development['authors'].find({:_id=>"bushroot"}, {}).limit(-1)
MONGODB mongoidism_development['articles'].update({"_id"=>BSON::ObjectId('4cdc1151421aa92679000006')}, {"$set"=>{"author_id"=>"bushroot"}})
Redirected to http://localhost:7890/articles/4cdc1151421aa92679000006
Completed 302 Found in 10ms


Started GET "/articles/4cdc1151421aa92679000006" for 127.0.0.1 at 2010-11-11 15:15:12 -0500
  Processing by ArticlesController#show as HTML
  Parameters: {"id"=>"4cdc1151421aa92679000006"}
mongoidism_development['articles'].find({:_id=>BSON::ObjectId('4cdc1151421aa92679000006')}, {}).limit(-1)
mongoidism_development['authors'].find({:_id=>"bushroot"}, {}).limit(-1)
Rendered articles/show.html.erb within layouts/application (13.0ms)
Completed 200 OK in 23ms (Views: 20.7ms | ActiveRecord: 0.0ms)


Started GET "/articles" for 127.0.0.1 at 2010-11-11 15:21:21 -0500
  Processing by ArticlesController#index as HTML
mongoidism_development['articles'].find({}, {})
mongoidism_development['authors'].find({:_id=>"bushroot"}, {}).limit(-1)
mongoidism_development['authors'].find({:_id=>"bushroot"}, {}).limit(-1)
mongoidism_development['authors'].find({:_id=>"bushroot"}, {}).limit(-1)
Rendered articles/index.html.erb within layouts/application (26.7ms)
Completed 200 OK in 36ms (Views: 33.9ms | ActiveRecord: 0.0ms)


Started GET "/articles/4cdc1151421aa92679000006/edit" for 127.0.0.1 at 2010-11-11 15:21:23 -0500
  Processing by ArticlesController#edit as HTML
  Parameters: {"id"=>"4cdc1151421aa92679000006"}
mongoidism_development['articles'].find({:_id=>BSON::ObjectId('4cdc1151421aa92679000006')}, {}).limit(-1)
mongoidism_development['authors'].find({}, {})
Rendered articles/_form.html.erb (22.7ms)
Rendered articles/edit.html.erb within layouts/application (37.8ms)
Completed 200 OK in 118ms (Views: 114.7ms | ActiveRecord: 0.0ms)


Started POST "/articles/4cdc1151421aa92679000006" for 127.0.0.1 at 2010-11-11 15:21:26 -0500
  Processing by ArticlesController#update as HTML
  Parameters: {"utf8"=>"✓", "authenticity_token"=>"ocGhX+N+Oq52VTUSLQZbCeHqBs3ueMTQz1xoZIqLU8E=", "article"=>{"name"=>"Test3", "author_id"=>"Professor Bushroot", "blog"=>"Let's copy stuff", "published_on(1i)"=>"2010", "published_on(2i)"=>"11", "published_on(3i)"=>"11", "content"=>"Gerald Marzorati, the assistant managing editor for new media and strategic initiatives at the New York Times, said something out loud during a recent panel discussion that everyone knows, but no one really wants to admit: using a credit card separates you from how much you're really spending, and subscribers seem blissfully unaware of subscription hikes.\r\n\r\nOf course, it helps that subscriptions auto-renew, forcing subscribers to choose to opt out.\r\n\r\n\"We have north of 800,000 subscribers paying north of $700 a year for home delivery,\" Marzorati said. \"Of course, they don't seem to know that.\"\r\nAs evidence that Times subscribers don't realize how much a subscription costs, he pointed to what happened when the paper raised its home-delivery price by 5 percent during the recession: Only 0.01 percent of subscribers canceled. \"I think a lot of it has to do with the fact that they're literally not understanding what they're paying,\" he said. \"That's the beauty of the credit card.\"\r\n"}, "commit"=>"Update Article", "id"=>"4cdc1151421aa92679000006"}
mongoidism_development['articles'].find({:_id=>BSON::ObjectId('4cdc1151421aa92679000006')}, {}).limit(-1)
mongoidism_development['authors'].find({:_id=>"Professor Bushroot"}, {}).limit(-1)
Completed   in 7ms

Mongoid::Errors::DocumentNotFound (Document not found for class Author with id(s) Professor Bushroot.):
  app/controllers/articles_controller.rb:62:in `block in update'
  app/controllers/articles_controller.rb:61:in `update'

Rendered /home/bryano/.rvm/gems/ruby-1.9.2-p0/gems/actionpack-3.0.0/lib/action_dispatch/middleware/templates/rescues/_trace.erb (2.5ms)
Rendered /home/bryano/.rvm/gems/ruby-1.9.2-p0/gems/actionpack-3.0.0/lib/action_dispatch/middleware/templates/rescues/_request_and_response.erb (13.4ms)
Rendered /home/bryano/.rvm/gems/ruby-1.9.2-p0/gems/actionpack-3.0.0/lib/action_dispatch/middleware/templates/rescues/diagnostics.erb within rescues/layout (23.5ms)


Started POST "/articles/4cdc1151421aa92679000006" for 127.0.0.1 at 2010-11-11 15:33:03 -0500
  Processing by ArticlesController#update as HTML
  Parameters: {"utf8"=>"✓", "authenticity_token"=>"ocGhX+N+Oq52VTUSLQZbCeHqBs3ueMTQz1xoZIqLU8E=", "article"=>{"name"=>"Test3", "author_id"=>"Professor Bushroot", "blog"=>"Let's copy stuff", "published_on(1i)"=>"2010", "published_on(2i)"=>"11", "published_on(3i)"=>"11", "content"=>"Gerald Marzorati, the assistant managing editor for new media and strategic initiatives at the New York Times, said something out loud during a recent panel discussion that everyone knows, but no one really wants to admit: using a credit card separates you from how much you're really spending, and subscribers seem blissfully unaware of subscription hikes.\r\n\r\nOf course, it helps that subscriptions auto-renew, forcing subscribers to choose to opt out.\r\n\r\n\"We have north of 800,000 subscribers paying north of $700 a year for home delivery,\" Marzorati said. \"Of course, they don't seem to know that.\"\r\nAs evidence that Times subscribers don't realize how much a subscription costs, he pointed to what happened when the paper raised its home-delivery price by 5 percent during the recession: Only 0.01 percent of subscribers canceled. \"I think a lot of it has to do with the fact that they're literally not understanding what they're paying,\" he said. \"That's the beauty of the credit card.\"\r\n"}, "commit"=>"Update Article", "id"=>"4cdc1151421aa92679000006"}
mongoidism_development['articles'].find({:_id=>BSON::ObjectId('4cdc1151421aa92679000006')}, {}).limit(-1)
mongoidism_development['authors'].find({:_id=>"Professor Bushroot"}, {}).limit(-1)
Completed   in 6ms

Mongoid::Errors::DocumentNotFound (Document not found for class Author with id(s) Professor Bushroot.):
  app/controllers/articles_controller.rb:62:in `block in update'
  app/controllers/articles_controller.rb:61:in `update'

Rendered /home/bryano/.rvm/gems/ruby-1.9.2-p0/gems/actionpack-3.0.0/lib/action_dispatch/middleware/templates/rescues/_trace.erb (3.7ms)
Rendered /home/bryano/.rvm/gems/ruby-1.9.2-p0/gems/actionpack-3.0.0/lib/action_dispatch/middleware/templates/rescues/_request_and_response.erb (13.9ms)
Rendered /home/bryano/.rvm/gems/ruby-1.9.2-p0/gems/actionpack-3.0.0/lib/action_dispatch/middleware/templates/rescues/diagnostics.erb within rescues/layout (26.5ms)


Started GET "/articles/4cdc1151421aa92679000006/edit" for 127.0.0.1 at 2010-11-11 15:33:04 -0500
  Processing by ArticlesController#edit as HTML
  Parameters: {"id"=>"4cdc1151421aa92679000006"}
mongoidism_development['articles'].find({:_id=>BSON::ObjectId('4cdc1151421aa92679000006')}, {}).limit(-1)
mongoidism_development['authors'].find({}, {})
Rendered articles/_form.html.erb (16.6ms)
Rendered articles/edit.html.erb within layouts/application (24.2ms)
Completed 200 OK in 33ms (Views: 30.9ms | ActiveRecord: 0.0ms)


Started GET "/articles" for 127.0.0.1 at 2010-11-11 15:33:07 -0500
  Processing by ArticlesController#index as HTML
mongoidism_development['articles'].find({}, {})
mongoidism_development['authors'].find({:_id=>"bushroot"}, {}).limit(-1)
mongoidism_development['authors'].find({:_id=>"bushroot"}, {}).limit(-1)
mongoidism_development['authors'].find({:_id=>"bushroot"}, {}).limit(-1)
Rendered articles/index.html.erb within layouts/application (26.3ms)
Completed 200 OK in 35ms (Views: 33.1ms | ActiveRecord: 0.0ms)


Started GET "/articles/4cdc1151421aa92679000006/edit" for 127.0.0.1 at 2010-11-11 15:33:10 -0500
  Processing by ArticlesController#edit as HTML
  Parameters: {"id"=>"4cdc1151421aa92679000006"}
mongoidism_development['articles'].find({:_id=>BSON::ObjectId('4cdc1151421aa92679000006')}, {}).limit(-1)
mongoidism_development['authors'].find({}, {})
Rendered articles/_form.html.erb (19.2ms)
Rendered articles/edit.html.erb within layouts/application (31.3ms)
Completed 200 OK in 42ms (Views: 39.6ms | ActiveRecord: 0.0ms)


Started GET "/articles/4cdc1151421aa92679000006/edit" for 127.0.0.1 at 2010-11-11 15:33:42 -0500
  Processing by ArticlesController#edit as HTML
  Parameters: {"id"=>"4cdc1151421aa92679000006"}
mongoidism_development['articles'].find({:_id=>BSON::ObjectId('4cdc1151421aa92679000006')}, {}).limit(-1)
mongoidism_development['authors'].find({}, {})
Rendered articles/_form.html.erb (17.3ms)
Rendered articles/edit.html.erb within layouts/application (24.2ms)
Completed 200 OK in 35ms (Views: 31.9ms | ActiveRecord: 0.0ms)


Started GET "/articles/4cdc1151421aa92679000006/edit" for 127.0.0.1 at 2010-11-11 15:34:07 -0500
  Processing by ArticlesController#edit as HTML
  Parameters: {"id"=>"4cdc1151421aa92679000006"}
mongoidism_development['articles'].find({:_id=>BSON::ObjectId('4cdc1151421aa92679000006')}, {}).limit(-1)
mongoidism_development['authors'].find({}, {})
Rendered articles/_form.html.erb (20.7ms)
Rendered articles/edit.html.erb within layouts/application (30.5ms)
Completed 200 OK in 43ms (Views: 39.7ms | ActiveRecord: 0.0ms)


Started GET "/articles/4cdc1151421aa92679000006/edit" for 127.0.0.1 at 2010-11-11 15:34:29 -0500
  Processing by ArticlesController#edit as HTML
  Parameters: {"id"=>"4cdc1151421aa92679000006"}
mongoidism_development['articles'].find({:_id=>BSON::ObjectId('4cdc1151421aa92679000006')}, {}).limit(-1)
mongoidism_development['authors'].find({}, {})
Rendered articles/_form.html.erb (16.7ms)
Rendered articles/edit.html.erb within layouts/application (24.0ms)
Completed 200 OK in 37ms (Views: 34.1ms | ActiveRecord: 0.0ms)


Started GET "/articles/4cdc1151421aa92679000006/edit" for 127.0.0.1 at 2010-11-11 15:35:32 -0500
  Processing by ArticlesController#edit as HTML
  Parameters: {"id"=>"4cdc1151421aa92679000006"}
mongoidism_development['articles'].find({:_id=>BSON::ObjectId('4cdc1151421aa92679000006')}, {}).limit(-1)
mongoidism_development['authors'].find({}, {})
Rendered articles/_form.html.erb (17.2ms)
Rendered articles/edit.html.erb within layouts/application (24.2ms)
Completed 200 OK in 36ms (Views: 32.6ms | ActiveRecord: 0.0ms)


Started GET "/articles/4cdc1151421aa92679000006/edit" for 127.0.0.1 at 2010-11-11 15:36:01 -0500
  Processing by ArticlesController#edit as HTML
  Parameters: {"id"=>"4cdc1151421aa92679000006"}
mongoidism_development['articles'].find({:_id=>BSON::ObjectId('4cdc1151421aa92679000006')}, {}).limit(-1)
mongoidism_development['authors'].find({}, {})
Rendered articles/_form.html.erb (23.7ms)
Rendered articles/edit.html.erb within layouts/application (32.9ms)
Completed 200 OK in 44ms (Views: 41.4ms | ActiveRecord: 0.0ms)


Started GET "/articles/4cdc1151421aa92679000006/edit" for 127.0.0.1 at 2010-11-11 15:36:18 -0500
  Processing by ArticlesController#edit as HTML
  Parameters: {"id"=>"4cdc1151421aa92679000006"}
mongoidism_development['articles'].find({:_id=>BSON::ObjectId('4cdc1151421aa92679000006')}, {}).limit(-1)
mongoidism_development['authors'].find({}, {})
Rendered articles/_form.html.erb (16.5ms)
Rendered articles/edit.html.erb within layouts/application (25.0ms)
Completed 200 OK in 36ms (Views: 32.7ms | ActiveRecord: 0.0ms)
admin['$cmd'].find({:ismaster=>1}, {}).limit(-1)
admin['$cmd'].find({:buildinfo=>1}, {}).limit(-1)
admin['$cmd'].find({:ismaster=>1}, {}).limit(-1)
admin['$cmd'].find({:buildinfo=>1}, {}).limit(-1)


Started GET "/articles" for 127.0.0.1 at 2010-11-16 18:59:05 -0500
  Processing by ArticlesController#index as HTML
mongoidism_development['articles'].find({}, {})
Rendered articles/index.html.erb within layouts/application (3.9ms)
Completed 200 OK in 17ms (Views: 16.4ms | ActiveRecord: 0.0ms)


Started GET "/articles/new" for 127.0.0.1 at 2010-11-16 18:59:10 -0500
  Processing by ArticlesController#new as HTML
mongoidism_development['authors'].find({}, {})
Rendered articles/_form.html.erb (12.4ms)
Rendered articles/new.html.erb within layouts/application (16.2ms)
Completed 200 OK in 22ms (Views: 21.1ms | ActiveRecord: 0.0ms)


Started GET "/authors" for 127.0.0.1 at 2010-11-16 18:59:20 -0500
  Processing by AuthorsController#index as HTML
mongoidism_development['authors'].find({}, {})
Rendered authors/index.html.erb within layouts/application (3.6ms)
Completed 200 OK in 9ms (Views: 8.3ms | ActiveRecord: 0.0ms)


Started GET "/authors/new" for 127.0.0.1 at 2010-11-16 18:59:22 -0500
  Processing by AuthorsController#new as HTML
Rendered authors/_form.html.erb (6.4ms)
Rendered authors/new.html.erb within layouts/application (9.8ms)
Completed 200 OK in 16ms (Views: 14.7ms | ActiveRecord: 0.0ms)


Started POST "/authors" for 127.0.0.1 at 2010-11-16 19:00:34 -0500
  Processing by AuthorsController#create as HTML
  Parameters: {"utf8"=>"✓", "authenticity_token"=>"PEaKbnB704EoFNytcmgzP6/X/9w4Cv0dZ30f2CDMtXk=", "author"=>{"shortname"=>"Twain", "fullname"=>"Mark Twain", "login"=>"mtwain", "password"=>"[FILTERED]", "modified_on(1i)"=>"2010", "modified_on(2i)"=>"11", "modified_on(3i)"=>"16"}, "commit"=>"Create Author"}
mongoidism_development['articles'].find({"author_id"=>"twain"}, {})
MONGODB mongoidism_development['authors'].insert([{"shortname"=>"Twain", "fullname"=>"Mark Twain", "login"=>"mtwain", "password"=>"password", "modified_on"=>2010-11-16 00:00:00 UTC, "_id"=>"twain"}])
Redirected to http://localhost:8888/authors/twain
Completed 302 Found in 4ms


Started GET "/authors/twain" for 127.0.0.1 at 2010-11-16 19:00:34 -0500
  Processing by AuthorsController#show as HTML
  Parameters: {"id"=>"twain"}
mongoidism_development['authors'].find({:_id=>"twain"}, {}).limit(-1)
Rendered authors/show.html.erb within layouts/application (6.0ms)
Completed 200 OK in 1939ms (Views: 10.3ms | ActiveRecord: 0.0ms)


Started GET "/articles/new" for 127.0.0.1 at 2010-11-16 19:00:45 -0500
  Processing by ArticlesController#new as HTML
mongoidism_development['authors'].find({}, {})
Rendered articles/_form.html.erb (8.7ms)
Rendered articles/new.html.erb within layouts/application (11.9ms)
Completed 200 OK in 17ms (Views: 16.6ms | ActiveRecord: 0.0ms)


Started POST "/articles" for 127.0.0.1 at 2010-11-16 19:15:11 -0500
  Processing by ArticlesController#create as HTML
  Parameters: {"utf8"=>"✓", "authenticity_token"=>"PEaKbnB704EoFNytcmgzP6/X/9w4Cv0dZ30f2CDMtXk=", "article"=>{"name"=>"Testo", "author_id"=>"twain", "blog"=>"Blatherscite", "published_on(1i)"=>"2010", "published_on(2i)"=>"11", "published_on(3i)"=>"17", "content"=>"Table (schema) in database ( plural, with underscores instead of spaces between words, like steering_wheels)\r\nModel ( singular, first letter Capitalized, CamelCase for models like SteeringWheel)\r\nValidation of data is here\r\nRelationships between various tables\r\nModel files have information in them which appears like belongs_to and has_many and reflects automatic connections made by rails, using fields like author_id in a story table\r\nbelongs_to – a Story model belongs_to an Author. When a table is linked to another table with belongs_to, you can refer to fields in that table by appending the relationship name to the class name. E.g., if product belongs_to category, then in a view that deals with product you can get the category name with product.category.name.\r\nhas_many – an Author has_many Stories\r\nPlurality matters. Be very careful — Rails does stuff with making this singular and plural again, so make sure you are including the appropriate number of s\r\nController (convention is to use the plural form of the model name when applicable, e.g. stories controller, authors controller)\r\nSays what to do and where to do it. Has logic like “if post is not valid, send error about validation”\r\nPrepares variable for view from model\r\nCreate variable of tables using things like the find(:all) command in the API"}, "commit"=>"Create Article"}
mongoidism_development['authors'].find({:_id=>"twain"}, {}).limit(-1)
MONGODB mongoidism_development['articles'].insert([{"name"=>"Testo", "author_id"=>"twain", "blog"=>"Blatherscite", "content"=>"Table (schema) in database ( plural, with underscores instead of spaces between words, like steering_wheels)\r\nModel ( singular, first letter Capitalized, CamelCase for models like SteeringWheel)\r\nValidation of data is here\r\nRelationships between various tables\r\nModel files have information in them which appears like belongs_to and has_many and reflects automatic connections made by rails, using fields like author_id in a story table\r\nbelongs_to – a Story model belongs_to an Author. When a table is linked to another table with belongs_to, you can refer to fields in that table by appending the relationship name to the class name. E.g., if product belongs_to category, then in a view that deals with product you can get the category name with product.category.name.\r\nhas_many – an Author has_many Stories\r\nPlurality matters. Be very careful — Rails does stuff with making this singular and plural again, so make sure you are including the appropriate number of s\r\nController (convention is to use the plural form of the model name when applicable, e.g. stories controller, authors controller)\r\nSays what to do and where to do it. Has logic like “if post is not valid, send error about validation”\r\nPrepares variable for view from model\r\nCreate variable of tables using things like the find(:all) command in the API", "published_on"=>2010-11-17 00:00:00 UTC, "_id"=>BSON::ObjectId('4ce31e8f7e49ea0e4f000004')}])
Redirected to http://localhost:8888/articles/4ce31e8f7e49ea0e4f000004
Completed 302 Found in 44ms


Started GET "/articles/4ce31e8f7e49ea0e4f000004" for 127.0.0.1 at 2010-11-16 19:15:11 -0500
  Processing by ArticlesController#show as HTML
  Parameters: {"id"=>"4ce31e8f7e49ea0e4f000004"}
mongoidism_development['articles'].find({:_id=>BSON::ObjectId('4ce31e8f7e49ea0e4f000004')}, {}).limit(-1)
mongoidism_development['authors'].find({:_id=>"twain"}, {}).limit(-1)
Rendered articles/show.html.erb within layouts/application (7.5ms)
Completed 200 OK in 24ms (Views: 23.2ms | ActiveRecord: 0.0ms)


Started GET "/articles" for 127.0.0.1 at 2010-11-16 19:15:31 -0500
  Processing by ArticlesController#index as HTML
mongoidism_development['articles'].find({}, {})
mongoidism_development['authors'].find({:_id=>"twain"}, {}).limit(-1)
Rendered articles/index.html.erb within layouts/application (5.4ms)
Completed 200 OK in 10ms (Views: 9.7ms | ActiveRecord: 0.0ms)


Started GET "/articles/new" for 127.0.0.1 at 2010-11-16 19:15:34 -0500
  Processing by ArticlesController#new as HTML
mongoidism_development['authors'].find({}, {})
Rendered articles/_form.html.erb (10.2ms)
Rendered articles/new.html.erb within layouts/application (13.9ms)
Completed 200 OK in 18ms (Views: 17.6ms | ActiveRecord: 0.0ms)


Started POST "/articles" for 127.0.0.1 at 2010-11-16 19:16:04 -0500
  Processing by ArticlesController#create as HTML
  Parameters: {"utf8"=>"✓", "authenticity_token"=>"PEaKbnB704EoFNytcmgzP6/X/9w4Cv0dZ30f2CDMtXk=", "article"=>{"name"=>"Testy", "author_id"=>"twain", "blog"=>"Blathery", "published_on(1i)"=>"2010", "published_on(2i)"=>"11", "published_on(3i)"=>"17", "content"=>"View\r\nHow things look – ruby in html => .html.erb\r\nUses variables in Controller and prints them\r\nGet variable from controller with @ symbol in front of variable ( Ex. @movies in bob_controller action submit => allows submit.rhtml to access something called @movies )\r\n<%= debug(variableName) %>@ shows a nicely form"}, "commit"=>"Create Article"}
mongoidism_development['authors'].find({:_id=>"twain"}, {}).limit(-1)
MONGODB mongoidism_development['articles'].insert([{"name"=>"Testy", "author_id"=>"twain", "blog"=>"Blathery", "content"=>"View\r\nHow things look – ruby in html => .html.erb\r\nUses variables in Controller and prints them\r\nGet variable from controller with @ symbol in front of variable ( Ex. @movies in bob_controller action submit => allows submit.rhtml to access something called @movies )\r\n<%= debug(variableName) %>@ shows a nicely form", "published_on"=>2010-11-17 00:00:00 UTC, "_id"=>BSON::ObjectId('4ce31ec47e49ea0e4f000006')}])
Redirected to http://localhost:8888/articles/4ce31ec47e49ea0e4f000006
Completed 302 Found in 4ms


Started GET "/articles/4ce31ec47e49ea0e4f000006" for 127.0.0.1 at 2010-11-16 19:16:04 -0500
  Processing by ArticlesController#show as HTML
  Parameters: {"id"=>"4ce31ec47e49ea0e4f000006"}
mongoidism_development['articles'].find({:_id=>BSON::ObjectId('4ce31ec47e49ea0e4f000006')}, {}).limit(-1)
mongoidism_development['authors'].find({:_id=>"twain"}, {}).limit(-1)
Rendered articles/show.html.erb within layouts/application (4.0ms)
Completed 200 OK in 9ms (Views: 8.0ms | ActiveRecord: 0.0ms)


Started GET "/articles" for 127.0.0.1 at 2010-11-16 19:16:06 -0500
  Processing by ArticlesController#index as HTML
mongoidism_development['articles'].find({}, {})
mongoidism_development['authors'].find({:_id=>"twain"}, {}).limit(-1)
mongoidism_development['authors'].find({:_id=>"twain"}, {}).limit(-1)
Rendered articles/index.html.erb within layouts/application (7.7ms)
Completed 200 OK in 12ms (Views: 11.5ms | ActiveRecord: 0.0ms)
admin['$cmd'].find({:ismaster=>1}, {}).limit(-1)
admin['$cmd'].find({:buildinfo=>1}, {}).limit(-1)
admin['$cmd'].find({:ismaster=>1}, {}).limit(-1)
admin['$cmd'].find({:buildinfo=>1}, {}).limit(-1)
admin['$cmd'].find({:ismaster=>1}, {}).limit(-1)
admin['$cmd'].find({:buildinfo=>1}, {}).limit(-1)


Started GET "/rails/info/properties" for 127.0.0.1 at 2010-11-16 19:58:49 -0500
  Processing by Rails::InfoController#properties as */*
  [1m[36mSQL (0.4ms)[0m  [1m SELECT name
 FROM sqlite_master
 WHERE type = 'table' AND NOT name = 'sqlite_sequence'
[0m
Rendered inline template (0.4ms)
Completed 200 OK in 118ms (Views: 1.3ms | ActiveRecord: 0.4ms)


Started GET "/articles" for 127.0.0.1 at 2010-11-16 19:58:55 -0500
  Processing by ArticlesController#index as HTML
mongoidism_development['articles'].find({}, {})
mongoidism_development['authors'].find({:_id=>"twain"}, {}).limit(-1)
mongoidism_development['authors'].find({:_id=>"twain"}, {}).limit(-1)
Rendered articles/index.html.erb within layouts/application (504.4ms)
Completed 200 OK in 554ms (Views: 553.8ms | ActiveRecord: 0.0ms)


Started GET "/articles" for 127.0.0.1 at 2010-11-16 20:05:08 -0500
  Processing by ArticlesController#index as HTML
mongoidism_development['articles'].find({}, {})
mongoidism_development['authors'].find({:_id=>"twain"}, {}).limit(-1)
mongoidism_development['authors'].find({:_id=>"twain"}, {}).limit(-1)
Rendered articles/index.html.erb within layouts/application (8.6ms)
Completed 200 OK in 15ms (Views: 14.7ms | ActiveRecord: 0.0ms)


Started GET "/articles/new" for 127.0.0.1 at 2010-11-16 20:05:11 -0500
  Processing by ArticlesController#new as HTML
mongoidism_development['authors'].find({}, {})
Rendered articles/_form.html.erb (63.1ms)
Rendered articles/new.html.erb within layouts/application (66.5ms)
Completed 200 OK in 71ms (Views: 70.6ms | ActiveRecord: 0.0ms)


Started GET "/articles/new" for 127.0.0.1 at 2010-11-16 20:07:01 -0500
  Processing by ArticlesController#new as HTML
mongoidism_development['authors'].find({}, {})
Rendered articles/_form.html.erb (6.8ms)
Rendered articles/new.html.erb within layouts/application (9.8ms)
Completed 200 OK in 14ms (Views: 13.6ms | ActiveRecord: 0.0ms)


Started GET "/articles/new" for 127.0.0.1 at 2010-11-16 20:07:43 -0500
  Processing by ArticlesController#new as HTML
mongoidism_development['authors'].find({}, {})
Rendered articles/_form.html.erb (7.8ms)
Rendered articles/new.html.erb within layouts/application (11.0ms)
Completed 200 OK in 15ms (Views: 14.7ms | ActiveRecord: 0.0ms)


Started POST "/articles" for 127.0.0.1 at 2010-11-16 20:08:15 -0500
  Processing by ArticlesController#create as HTML
  Parameters: {"utf8"=>"✓", "authenticity_token"=>"SIXZBhaqKICy2tZmT3u6sGFuIDZfYWD6XrdM187mToU=", "article"=>{"name"=>"Better yet", "author_id"=>"Twain", "blog"=>"Blatherscite", "published_on(1i)"=>"2010", "published_on(2i)"=>"11", "published_on(3i)"=>"17", "content"=>"Blathering blatherscite!  Sounds kinda like a nasty porn."}, "commit"=>"Create Article"}
mongoidism_development['authors'].find({:_id=>"Twain"}, {}).limit(-1)
Completed   in 2ms

Mongoid::Errors::DocumentNotFound (Document not found for class Author with id(s) Twain.):
  app/controllers/articles_controller.rb:46:in `block in create'
  app/controllers/articles_controller.rb:45:in `create'

Rendered /home/bryano/.rvm/gems/ruby-1.9.2-p0/gems/actionpack-3.0.0/lib/action_dispatch/middleware/templates/rescues/_trace.erb (2.2ms)
Rendered /home/bryano/.rvm/gems/ruby-1.9.2-p0/gems/actionpack-3.0.0/lib/action_dispatch/middleware/templates/rescues/_request_and_response.erb (7.9ms)
Rendered /home/bryano/.rvm/gems/ruby-1.9.2-p0/gems/actionpack-3.0.0/lib/action_dispatch/middleware/templates/rescues/diagnostics.erb within rescues/layout (23.1ms)


Started POST "/articles" for 127.0.0.1 at 2010-11-16 20:08:42 -0500
  Processing by ArticlesController#create as HTML
  Parameters: {"utf8"=>"✓", "authenticity_token"=>"SIXZBhaqKICy2tZmT3u6sGFuIDZfYWD6XrdM187mToU=", "article"=>{"name"=>"Better yet", "author_id"=>"Twain", "blog"=>"Blatherscite", "published_on(1i)"=>"2010", "published_on(2i)"=>"11", "published_on(3i)"=>"17", "content"=>"Blathering blatherscite!  Sounds kinda like a nasty porn."}, "commit"=>"Create Article"}
mongoidism_development['authors'].find({:_id=>"Twain"}, {}).limit(-1)
Completed   in 2ms

Mongoid::Errors::DocumentNotFound (Document not found for class Author with id(s) Twain.):
  app/controllers/articles_controller.rb:46:in `block in create'
  app/controllers/articles_controller.rb:45:in `create'

Rendered /home/bryano/.rvm/gems/ruby-1.9.2-p0/gems/actionpack-3.0.0/lib/action_dispatch/middleware/templates/rescues/_trace.erb (1.3ms)
Rendered /home/bryano/.rvm/gems/ruby-1.9.2-p0/gems/actionpack-3.0.0/lib/action_dispatch/middleware/templates/rescues/_request_and_response.erb (4.9ms)
Rendered /home/bryano/.rvm/gems/ruby-1.9.2-p0/gems/actionpack-3.0.0/lib/action_dispatch/middleware/templates/rescues/diagnostics.erb within rescues/layout (9.9ms)


Started POST "/articles" for 127.0.0.1 at 2010-11-16 20:08:54 -0500
  Processing by ArticlesController#create as HTML
  Parameters: {"utf8"=>"✓", "authenticity_token"=>"SIXZBhaqKICy2tZmT3u6sGFuIDZfYWD6XrdM187mToU=", "article"=>{"name"=>"Better yet", "author_id"=>"Twain", "blog"=>"Blatherscite", "published_on(1i)"=>"2010", "published_on(2i)"=>"11", "published_on(3i)"=>"17", "content"=>"Blathering blatherscite!  Sounds kinda like a nasty porn."}, "commit"=>"Create Article"}
mongoidism_development['authors'].find({:_id=>"Twain"}, {}).limit(-1)
Completed   in 2ms

Mongoid::Errors::DocumentNotFound (Document not found for class Author with id(s) Twain.):
  app/controllers/articles_controller.rb:46:in `block in create'
  app/controllers/articles_controller.rb:45:in `create'

Rendered /home/bryano/.rvm/gems/ruby-1.9.2-p0/gems/actionpack-3.0.0/lib/action_dispatch/middleware/templates/rescues/_trace.erb (1.3ms)
Rendered /home/bryano/.rvm/gems/ruby-1.9.2-p0/gems/actionpack-3.0.0/lib/action_dispatch/middleware/templates/rescues/_request_and_response.erb (4.8ms)
Rendered /home/bryano/.rvm/gems/ruby-1.9.2-p0/gems/actionpack-3.0.0/lib/action_dispatch/middleware/templates/rescues/diagnostics.erb within rescues/layout (9.7ms)


Started GET "/articles/new" for 127.0.0.1 at 2010-11-16 20:09:04 -0500
  Processing by ArticlesController#new as HTML
mongoidism_development['authors'].find({}, {})
Rendered articles/_form.html.erb (7.1ms)
Rendered articles/new.html.erb within layouts/application (10.8ms)
Completed 200 OK in 15ms (Views: 14.7ms | ActiveRecord: 0.0ms)


Started POST "/articles" for 127.0.0.1 at 2010-11-16 20:09:13 -0500
  Processing by ArticlesController#create as HTML
  Parameters: {"utf8"=>"✓", "authenticity_token"=>"SIXZBhaqKICy2tZmT3u6sGFuIDZfYWD6XrdM187mToU=", "article"=>{"name"=>"who", "author_id"=>"twain", "blog"=>"dat", "published_on(1i)"=>"2010", "published_on(2i)"=>"11", "published_on(3i)"=>"17", "content"=>"dog"}, "commit"=>"Create Article"}
mongoidism_development['authors'].find({:_id=>"twain"}, {}).limit(-1)
MONGODB mongoidism_development['articles'].insert([{"name"=>"who", "author_id"=>"twain", "blog"=>"dat", "content"=>"dog", "published_on"=>2010-11-17 00:00:00 UTC, "_id"=>BSON::ObjectId('4ce32b397e49ea0b59000008')}])
Redirected to http://localhost:8888/articles/4ce32b397e49ea0b59000008
Completed 302 Found in 4ms


Started GET "/articles/4ce32b397e49ea0b59000008" for 127.0.0.1 at 2010-11-16 20:09:13 -0500
  Processing by ArticlesController#show as HTML
  Parameters: {"id"=>"4ce32b397e49ea0b59000008"}
mongoidism_development['articles'].find({:_id=>BSON::ObjectId('4ce32b397e49ea0b59000008')}, {}).limit(-1)
mongoidism_development['authors'].find({:_id=>"twain"}, {}).limit(-1)
Rendered articles/show.html.erb within layouts/application (4.1ms)
Completed 200 OK in 69ms (Views: 14.7ms | ActiveRecord: 0.0ms)


Started GET "/articles" for 127.0.0.1 at 2010-11-16 20:09:15 -0500
  Processing by ArticlesController#index as HTML
mongoidism_development['articles'].find({}, {})
mongoidism_development['authors'].find({:_id=>"twain"}, {}).limit(-1)
mongoidism_development['authors'].find({:_id=>"twain"}, {}).limit(-1)
mongoidism_development['authors'].find({:_id=>"twain"}, {}).limit(-1)
Rendered articles/index.html.erb within layouts/application (8.8ms)
Completed 200 OK in 13ms (Views: 12.5ms | ActiveRecord: 0.0ms)


Started GET "/articles" for 127.0.0.1 at 2010-11-16 20:12:15 -0500
  Processing by ArticlesController#index as HTML
mongoidism_development['articles'].find({}, {})
mongoidism_development['authors'].find({:_id=>"twain"}, {}).limit(-1)
mongoidism_development['authors'].find({:_id=>"twain"}, {}).limit(-1)
mongoidism_development['authors'].find({:_id=>"twain"}, {}).limit(-1)
Rendered articles/index.html.erb within layouts/application (8.9ms)
Completed 200 OK in 13ms (Views: 12.6ms | ActiveRecord: 0.0ms)


Started GET "/articles/new" for 127.0.0.1 at 2010-11-16 20:12:19 -0500
  Processing by ArticlesController#new as HTML
mongoidism_development['authors'].find({}, {})
Rendered articles/_form.html.erb (6.5ms)
Rendered articles/new.html.erb within layouts/application (9.5ms)
Completed 200 OK in 14ms (Views: 13.0ms | ActiveRecord: 0.0ms)


Started POST "/articles" for 127.0.0.1 at 2010-11-16 20:12:27 -0500
  Processing by ArticlesController#create as HTML
  Parameters: {"utf8"=>"✓", "authenticity_token"=>"SIXZBhaqKICy2tZmT3u6sGFuIDZfYWD6XrdM187mToU=", "article"=>{"name"=>"tester", "author"=>"twain", "blog"=>"testo", "published_on(1i)"=>"2010", "published_on(2i)"=>"11", "published_on(3i)"=>"17", "content"=>"why"}, "commit"=>"Create Article"}
Completed   in 1ms

NoMethodError (undefined method `id' for "twain":String):
  app/controllers/articles_controller.rb:43:in `new'
  app/controllers/articles_controller.rb:43:in `create'

Rendered /home/bryano/.rvm/gems/ruby-1.9.2-p0/gems/actionpack-3.0.0/lib/action_dispatch/middleware/templates/rescues/_trace.erb (1.3ms)
Rendered /home/bryano/.rvm/gems/ruby-1.9.2-p0/gems/actionpack-3.0.0/lib/action_dispatch/middleware/templates/rescues/_request_and_response.erb (4.8ms)
Rendered /home/bryano/.rvm/gems/ruby-1.9.2-p0/gems/actionpack-3.0.0/lib/action_dispatch/middleware/templates/rescues/diagnostics.erb within rescues/layout (10.1ms)


Started GET "/articles/new" for 127.0.0.1 at 2010-11-16 20:13:07 -0500
  Processing by ArticlesController#new as HTML
mongoidism_development['authors'].find({}, {})
Rendered articles/_form.html.erb (36.8ms)
Rendered articles/new.html.erb within layouts/application (40.3ms)
Completed 200 OK in 45ms (Views: 44.3ms | ActiveRecord: 0.0ms)


Started POST "/articles" for 127.0.0.1 at 2010-11-16 20:13:16 -0500
  Processing by ArticlesController#create as HTML
  Parameters: {"utf8"=>"✓", "authenticity_token"=>"SIXZBhaqKICy2tZmT3u6sGFuIDZfYWD6XrdM187mToU=", "article"=>{"name"=>"blah", "author_id"=>"Mark Twain", "blog"=>"meh", "published_on(1i)"=>"2010", "published_on(2i)"=>"11", "published_on(3i)"=>"17", "content"=>"whatever"}, "commit"=>"Create Article"}
mongoidism_development['authors'].find({:_id=>"Mark Twain"}, {}).limit(-1)
Completed   in 2ms

Mongoid::Errors::DocumentNotFound (Document not found for class Author with id(s) Mark Twain.):
  app/controllers/articles_controller.rb:46:in `block in create'
  app/controllers/articles_controller.rb:45:in `create'

Rendered /home/bryano/.rvm/gems/ruby-1.9.2-p0/gems/actionpack-3.0.0/lib/action_dispatch/middleware/templates/rescues/_trace.erb (1.2ms)
Rendered /home/bryano/.rvm/gems/ruby-1.9.2-p0/gems/actionpack-3.0.0/lib/action_dispatch/middleware/templates/rescues/_request_and_response.erb (4.5ms)
Rendered /home/bryano/.rvm/gems/ruby-1.9.2-p0/gems/actionpack-3.0.0/lib/action_dispatch/middleware/templates/rescues/diagnostics.erb within rescues/layout (9.1ms)


Started GET "/articles" for 127.0.0.1 at 2010-11-16 20:15:39 -0500
  Processing by ArticlesController#index as HTML
mongoidism_development['articles'].find({}, {})
mongoidism_development['authors'].find({:_id=>"twain"}, {}).limit(-1)
mongoidism_development['authors'].find({:_id=>"twain"}, {}).limit(-1)
mongoidism_development['authors'].find({:_id=>"twain"}, {}).limit(-1)
Rendered articles/index.html.erb within layouts/application (9.1ms)
Completed 200 OK in 14ms (Views: 13.0ms | ActiveRecord: 0.0ms)


Started GET "/articles" for 127.0.0.1 at 2010-11-16 20:15:41 -0500
  Processing by ArticlesController#index as HTML
mongoidism_development['articles'].find({}, {})
mongoidism_development['authors'].find({:_id=>"twain"}, {}).limit(-1)
mongoidism_development['authors'].find({:_id=>"twain"}, {}).limit(-1)
mongoidism_development['authors'].find({:_id=>"twain"}, {}).limit(-1)
Rendered articles/index.html.erb within layouts/application (8.4ms)
Completed 200 OK in 13ms (Views: 12.2ms | ActiveRecord: 0.0ms)


Started GET "/articles" for 127.0.0.1 at 2010-11-16 20:15:42 -0500
  Processing by ArticlesController#index as HTML
mongoidism_development['articles'].find({}, {})
mongoidism_development['authors'].find({:_id=>"twain"}, {}).limit(-1)
mongoidism_development['authors'].find({:_id=>"twain"}, {}).limit(-1)
mongoidism_development['authors'].find({:_id=>"twain"}, {}).limit(-1)
Rendered articles/index.html.erb within layouts/application (9.7ms)
Completed 200 OK in 17ms (Views: 16.1ms | ActiveRecord: 0.0ms)


Started GET "/articles" for 127.0.0.1 at 2010-11-16 20:15:43 -0500
  Processing by ArticlesController#index as HTML
mongoidism_development['articles'].find({}, {})
mongoidism_development['authors'].find({:_id=>"twain"}, {}).limit(-1)
mongoidism_development['authors'].find({:_id=>"twain"}, {}).limit(-1)
mongoidism_development['authors'].find({:_id=>"twain"}, {}).limit(-1)
Rendered articles/index.html.erb within layouts/application (8.4ms)
Completed 200 OK in 13ms (Views: 12.1ms | ActiveRecord: 0.0ms)


Started GET "/articles" for 127.0.0.1 at 2010-11-16 20:15:44 -0500
  Processing by ArticlesController#index as HTML
mongoidism_development['articles'].find({}, {})
mongoidism_development['authors'].find({:_id=>"twain"}, {}).limit(-1)
mongoidism_development['authors'].find({:_id=>"twain"}, {}).limit(-1)
mongoidism_development['authors'].find({:_id=>"twain"}, {}).limit(-1)
Rendered articles/index.html.erb within layouts/application (8.8ms)
Completed 200 OK in 13ms (Views: 12.5ms | ActiveRecord: 0.0ms)


Started GET "/articles" for 127.0.0.1 at 2010-11-16 20:15:44 -0500
  Processing by ArticlesController#index as HTML
mongoidism_development['articles'].find({}, {})
mongoidism_development['authors'].find({:_id=>"twain"}, {}).limit(-1)
mongoidism_development['authors'].find({:_id=>"twain"}, {}).limit(-1)
mongoidism_development['authors'].find({:_id=>"twain"}, {}).limit(-1)
Rendered articles/index.html.erb within layouts/application (9.2ms)
Completed 200 OK in 13ms (Views: 13.0ms | ActiveRecord: 0.0ms)


Started GET "/articles" for 127.0.0.1 at 2010-11-16 20:15:45 -0500
  Processing by ArticlesController#index as HTML
mongoidism_development['articles'].find({}, {})
mongoidism_development['authors'].find({:_id=>"twain"}, {}).limit(-1)
mongoidism_development['authors'].find({:_id=>"twain"}, {}).limit(-1)
mongoidism_development['authors'].find({:_id=>"twain"}, {}).limit(-1)
Rendered articles/index.html.erb within layouts/application (8.5ms)
Completed 200 OK in 12ms (Views: 12.0ms | ActiveRecord: 0.0ms)


Started GET "/articles" for 127.0.0.1 at 2010-11-16 20:15:45 -0500
  Processing by ArticlesController#index as HTML
mongoidism_development['articles'].find({}, {})
mongoidism_development['authors'].find({:_id=>"twain"}, {}).limit(-1)
mongoidism_development['authors'].find({:_id=>"twain"}, {}).limit(-1)
mongoidism_development['authors'].find({:_id=>"twain"}, {}).limit(-1)
Rendered articles/index.html.erb within layouts/application (8.6ms)
Completed 200 OK in 13ms (Views: 12.3ms | ActiveRecord: 0.0ms)


Started GET "/articles" for 127.0.0.1 at 2010-11-16 20:15:46 -0500
  Processing by ArticlesController#index as HTML
mongoidism_development['articles'].find({}, {})
mongoidism_development['authors'].find({:_id=>"twain"}, {}).limit(-1)
mongoidism_development['authors'].find({:_id=>"twain"}, {}).limit(-1)
mongoidism_development['authors'].find({:_id=>"twain"}, {}).limit(-1)
Rendered articles/index.html.erb within layouts/application (8.9ms)
Completed 200 OK in 13ms (Views: 12.6ms | ActiveRecord: 0.0ms)


Started GET "/articles" for 127.0.0.1 at 2010-11-16 20:15:47 -0500
  Processing by ArticlesController#index as HTML
mongoidism_development['articles'].find({}, {})
mongoidism_development['authors'].find({:_id=>"twain"}, {}).limit(-1)
mongoidism_development['authors'].find({:_id=>"twain"}, {}).limit(-1)
mongoidism_development['authors'].find({:_id=>"twain"}, {}).limit(-1)
Rendered articles/index.html.erb within layouts/application (8.7ms)
Completed 200 OK in 13ms (Views: 12.4ms | ActiveRecord: 0.0ms)


Started GET "/articles" for 127.0.0.1 at 2010-11-16 20:15:47 -0500
  Processing by ArticlesController#index as HTML
mongoidism_development['articles'].find({}, {})
mongoidism_development['authors'].find({:_id=>"twain"}, {}).limit(-1)
mongoidism_development['authors'].find({:_id=>"twain"}, {}).limit(-1)
mongoidism_development['authors'].find({:_id=>"twain"}, {}).limit(-1)
Rendered articles/index.html.erb within layouts/application (8.7ms)
Completed 200 OK in 13ms (Views: 12.5ms | ActiveRecord: 0.0ms)


Started GET "/articles" for 127.0.0.1 at 2010-11-16 20:15:48 -0500
  Processing by ArticlesController#index as HTML
mongoidism_development['articles'].find({}, {})
mongoidism_development['authors'].find({:_id=>"twain"}, {}).limit(-1)
mongoidism_development['authors'].find({:_id=>"twain"}, {}).limit(-1)
mongoidism_development['authors'].find({:_id=>"twain"}, {}).limit(-1)
Rendered articles/index.html.erb within layouts/application (8.9ms)
Completed 200 OK in 13ms (Views: 12.6ms | ActiveRecord: 0.0ms)


Started GET "/articles" for 127.0.0.1 at 2010-11-16 20:15:48 -0500
  Processing by ArticlesController#index as HTML
mongoidism_development['articles'].find({}, {})
mongoidism_development['authors'].find({:_id=>"twain"}, {}).limit(-1)
mongoidism_development['authors'].find({:_id=>"twain"}, {}).limit(-1)
mongoidism_development['authors'].find({:_id=>"twain"}, {}).limit(-1)
Rendered articles/index.html.erb within layouts/application (8.7ms)
Completed 200 OK in 13ms (Views: 12.5ms | ActiveRecord: 0.0ms)


Started GET "/articles" for 127.0.0.1 at 2010-11-16 20:15:49 -0500
  Processing by ArticlesController#index as HTML
mongoidism_development['articles'].find({}, {})
mongoidism_development['authors'].find({:_id=>"twain"}, {}).limit(-1)
mongoidism_development['authors'].find({:_id=>"twain"}, {}).limit(-1)
mongoidism_development['authors'].find({:_id=>"twain"}, {}).limit(-1)
Rendered articles/index.html.erb within layouts/application (9.7ms)
Completed 200 OK in 14ms (Views: 13.4ms | ActiveRecord: 0.0ms)


Started GET "/articles" for 127.0.0.1 at 2010-11-16 20:15:49 -0500
  Processing by ArticlesController#index as HTML
mongoidism_development['articles'].find({}, {})
mongoidism_development['authors'].find({:_id=>"twain"}, {}).limit(-1)
mongoidism_development['authors'].find({:_id=>"twain"}, {}).limit(-1)
mongoidism_development['authors'].find({:_id=>"twain"}, {}).limit(-1)
Rendered articles/index.html.erb within layouts/application (9.2ms)
Completed 200 OK in 13ms (Views: 13.0ms | ActiveRecord: 0.0ms)


Started GET "/articles/new" for 127.0.0.1 at 2010-11-16 20:15:57 -0500
  Processing by ArticlesController#new as HTML
mongoidism_development['authors'].find({}, {})
Rendered articles/_form.html.erb (6.8ms)
Rendered articles/new.html.erb within layouts/application (9.9ms)
Completed 200 OK in 14ms (Views: 13.8ms | ActiveRecord: 0.0ms)


Started GET "/articles/new" for 127.0.0.1 at 2010-11-16 20:17:05 -0500
  Processing by ArticlesController#new as HTML
Rendered articles/_form.html.erb (59.5ms)
Rendered articles/new.html.erb within layouts/application (61.0ms)
Completed   in 65ms

ActionView::Template::Error (undefined method `author_fullname' for #<Article:0xb3786dc>):
    18:   </div>
    19: <div class="field">  
    20:   <%= f.label :author_fullname %>:
    21:   <%= f.collection_select :author_fullname, Author.all, :id, :fullname %>
    22:   <br />  
    23: </div>	
    24:   <div class="field">
  app/views/articles/_form.html.erb:21:in `block in _app_views_articles__form_html_erb___332842781_94080160__744742034'
  app/views/articles/_form.html.erb:1:in `_app_views_articles__form_html_erb___332842781_94080160__744742034'
  app/views/articles/new.html.erb:3:in `_app_views_articles_new_html_erb__778790995_94085870_19520857'
  app/controllers/articles_controller.rb:29:in `new'

Rendered /home/bryano/.rvm/gems/ruby-1.9.2-p0/gems/actionpack-3.0.0/lib/action_dispatch/middleware/templates/rescues/_trace.erb (2.2ms)
Rendered /home/bryano/.rvm/gems/ruby-1.9.2-p0/gems/actionpack-3.0.0/lib/action_dispatch/middleware/templates/rescues/_request_and_response.erb (4.6ms)
Rendered /home/bryano/.rvm/gems/ruby-1.9.2-p0/gems/actionpack-3.0.0/lib/action_dispatch/middleware/templates/rescues/template_error.erb within rescues/layout (12.5ms)


Started GET "/articles/new" for 127.0.0.1 at 2010-11-16 20:17:30 -0500
  Processing by ArticlesController#new as HTML
mongoidism_development['authors'].find({}, {})
Rendered articles/_form.html.erb (7.4ms)
Rendered articles/new.html.erb within layouts/application (42.0ms)
Completed 200 OK in 46ms (Views: 45.7ms | ActiveRecord: 0.0ms)


Started GET "/articles/new" for 127.0.0.1 at 2010-11-16 20:17:40 -0500
  Processing by ArticlesController#new as HTML
mongoidism_development['authors'].find({}, {})
Rendered articles/_form.html.erb (7.1ms)
Rendered articles/new.html.erb within layouts/application (10.3ms)
Completed 200 OK in 15ms (Views: 14.3ms | ActiveRecord: 0.0ms)


Started GET "/articles/new" for 127.0.0.1 at 2010-11-16 20:17:48 -0500
  Processing by ArticlesController#new as HTML
mongoidism_development['authors'].find({}, {})
Rendered articles/_form.html.erb (7.2ms)
Rendered articles/new.html.erb within layouts/application (10.5ms)
Completed 200 OK in 15ms (Views: 14.2ms | ActiveRecord: 0.0ms)


Started GET "/articles/new" for 127.0.0.1 at 2010-11-16 20:17:57 -0500
  Processing by ArticlesController#new as HTML
mongoidism_development['authors'].find({}, {})
Rendered articles/_form.html.erb (7.0ms)
Rendered articles/new.html.erb within layouts/application (10.0ms)
Completed 200 OK in 15ms (Views: 13.9ms | ActiveRecord: 0.0ms)


Started GET "/articles/new" for 127.0.0.1 at 2010-11-16 20:17:58 -0500
  Processing by ArticlesController#new as HTML
mongoidism_development['authors'].find({}, {})
Rendered articles/_form.html.erb (6.9ms)
Rendered articles/new.html.erb within layouts/application (10.0ms)
Completed 200 OK in 14ms (Views: 13.7ms | ActiveRecord: 0.0ms)


Started GET "/articles/new" for 127.0.0.1 at 2010-11-16 20:17:59 -0500
  Processing by ArticlesController#new as HTML
mongoidism_development['authors'].find({}, {})
Rendered articles/_form.html.erb (7.4ms)
Rendered articles/new.html.erb within layouts/application (10.7ms)
Completed 200 OK in 17ms (Views: 16.1ms | ActiveRecord: 0.0ms)


Started GET "/articles/new" for 127.0.0.1 at 2010-11-16 20:17:59 -0500
  Processing by ArticlesController#new as HTML
mongoidism_development['authors'].find({}, {})
Rendered articles/_form.html.erb (41.3ms)
Rendered articles/new.html.erb within layouts/application (44.5ms)
Completed 200 OK in 49ms (Views: 48.2ms | ActiveRecord: 0.0ms)


Started GET "/articles/new" for 127.0.0.1 at 2010-11-16 20:17:59 -0500
  Processing by ArticlesController#new as HTML
mongoidism_development['authors'].find({}, {})
Rendered articles/_form.html.erb (6.7ms)
Rendered articles/new.html.erb within layouts/application (9.6ms)
Completed 200 OK in 14ms (Views: 13.3ms | ActiveRecord: 0.0ms)


Started GET "/articles/new" for 127.0.0.1 at 2010-11-16 20:18:02 -0500
  Processing by ArticlesController#new as HTML
mongoidism_development['authors'].find({}, {})
Rendered articles/_form.html.erb (7.0ms)
Rendered articles/new.html.erb within layouts/application (10.1ms)
Completed 200 OK in 15ms (Views: 14.0ms | ActiveRecord: 0.0ms)


Started POST "/articles" for 127.0.0.1 at 2010-11-16 20:18:12 -0500
  Processing by ArticlesController#create as HTML
  Parameters: {"utf8"=>"✓", "authenticity_token"=>"SIXZBhaqKICy2tZmT3u6sGFuIDZfYWD6XrdM187mToU=", "article"=>{"name"=>"asd", "author_id"=>"twain", "blog"=>"asd", "published_on(1i)"=>"2010", "published_on(2i)"=>"11", "published_on(3i)"=>"17", "content"=>"asd"}, "commit"=>"Create Article"}
mongoidism_development['authors'].find({:_id=>"twain"}, {}).limit(-1)
MONGODB mongoidism_development['articles'].insert([{"name"=>"asd", "author_id"=>"twain", "blog"=>"asd", "content"=>"asd", "published_on"=>2010-11-17 00:00:00 UTC, "_id"=>BSON::ObjectId('4ce32d547e49ea0b59000017')}])
Redirected to http://localhost:8888/articles/4ce32d547e49ea0b59000017
Completed 302 Found in 3ms


Started GET "/articles/4ce32d547e49ea0b59000017" for 127.0.0.1 at 2010-11-16 20:18:12 -0500
  Processing by ArticlesController#show as HTML
  Parameters: {"id"=>"4ce32d547e49ea0b59000017"}
mongoidism_development['articles'].find({:_id=>BSON::ObjectId('4ce32d547e49ea0b59000017')}, {}).limit(-1)
mongoidism_development['authors'].find({:_id=>"twain"}, {}).limit(-1)
Rendered articles/show.html.erb within layouts/application (3.6ms)
Completed 200 OK in 9ms (Views: 7.4ms | ActiveRecord: 0.0ms)


Started GET "/articles" for 127.0.0.1 at 2010-11-16 20:18:18 -0500
  Processing by ArticlesController#index as HTML
mongoidism_development['articles'].find({}, {})
mongoidism_development['authors'].find({:_id=>"twain"}, {}).limit(-1)
mongoidism_development['authors'].find({:_id=>"twain"}, {}).limit(-1)
mongoidism_development['authors'].find({:_id=>"twain"}, {}).limit(-1)
mongoidism_development['authors'].find({:_id=>"twain"}, {}).limit(-1)
Rendered articles/index.html.erb within layouts/application (10.7ms)
Completed 200 OK in 15ms (Views: 14.4ms | ActiveRecord: 0.0ms)
admin['$cmd'].find({:ismaster=>1}, {}).limit(-1)
admin['$cmd'].find({:buildinfo=>1}, {}).limit(-1)


Started GET "/articles/4cdc1151421aa92679000006/edit" for 127.0.0.1 at 2010-11-23 11:16:43 -0500
  Processing by ArticlesController#edit as HTML
  Parameters: {"id"=>"4cdc1151421aa92679000006"}
mongoidism_development['articles'].find({:_id=>BSON::ObjectId('4cdc1151421aa92679000006')}, {}).limit(-1)
mongoidism_development['authors'].find({}, {})
Rendered articles/_form.html.erb (404.7ms)
Rendered articles/edit.html.erb within layouts/application (506.8ms)
Completed 200 OK in 997ms (Views: 834.4ms | ActiveRecord: 0.0ms)


Started GET "/articles" for 127.0.0.1 at 2010-11-23 11:16:51 -0500
  Processing by ArticlesController#index as HTML
mongoidism_development['articles'].find({}, {})
mongoidism_development['authors'].find({:_id=>"bushroot"}, {}).limit(-1)
mongoidism_development['authors'].find({:_id=>"bushroot"}, {}).limit(-1)
mongoidism_development['authors'].find({:_id=>"bushroot"}, {}).limit(-1)
Rendered articles/index.html.erb within layouts/application (26.8ms)
Completed 200 OK in 66ms (Views: 65.0ms | ActiveRecord: 0.0ms)


Started GET "/articles/4cdc1151421aa92679000006/edit" for 127.0.0.1 at 2010-11-23 11:24:55 -0500
  Processing by ArticlesController#edit as HTML
  Parameters: {"id"=>"4cdc1151421aa92679000006"}
mongoidism_development['articles'].find({:_id=>BSON::ObjectId('4cdc1151421aa92679000006')}, {}).limit(-1)
mongoidism_development['authors'].find({}, {})
Rendered articles/_form.html.erb (18.8ms)
Rendered articles/edit.html.erb within layouts/application (30.0ms)
Completed 200 OK in 42ms (Views: 39.5ms | ActiveRecord: 0.0ms)


Started POST "/articles/4cdc1151421aa92679000006" for 127.0.0.1 at 2010-11-23 11:25:18 -0500
  Processing by ArticlesController#update as HTML
  Parameters: {"utf8"=>"✓", "authenticity_token"=>"ocGhX+N+Oq52VTUSLQZbCeHqBs3ueMTQz1xoZIqLU8E=", "article"=>{"name"=>"Test3", "author_id"=>"Bushroot", "blog"=>"Let's copy stuff", "published_on(1i)"=>"2010", "published_on(2i)"=>"11", "published_on(3i)"=>"11", "content"=>"Gerald Marzorati, the assistant managing editor for new media and strategic initiatives at the New York Times, said something out loud during a recent panel discussion that everyone knows, but no one really wants to admit: using a credit card separates you from how much you're really spending, and subscribers seem blissfully unaware of subscription hikes.\r\n\r\nOf course, it helps that subscriptions auto-renew, forcing subscribers to choose to opt out.\r\n\r\n\"We have north of 800,000 subscribers paying north of $700 a year for home delivery,\" Marzorati said. \"Of course, they don't seem to know that.\"\r\nAs evidence that Times subscribers don't realize how much a subscription costs, he pointed to what happened when the paper raised its home-delivery price by 5 percent during the recession: Only 0.01 percent of subscribers canceled. \"I think a lot of it has to do with the fact that they're literally not understanding what they're paying,\" he said. \"That's the beauty of the credit card.\"\r\n"}, "commit"=>"Update Article", "id"=>"4cdc1151421aa92679000006"}
mongoidism_development['articles'].find({:_id=>BSON::ObjectId('4cdc1151421aa92679000006')}, {}).limit(-1)
mongoidism_development['authors'].find({:_id=>"Bushroot"}, {}).limit(-1)
Completed   in 6ms

Mongoid::Errors::DocumentNotFound (Document not found for class Author with id(s) Bushroot.):
  app/controllers/articles_controller.rb:62:in `block in update'
  app/controllers/articles_controller.rb:61:in `update'

Rendered /home/bryano/.rvm/gems/ruby-1.9.2-p0/gems/actionpack-3.0.0/lib/action_dispatch/middleware/templates/rescues/_trace.erb (2.4ms)
Rendered /home/bryano/.rvm/gems/ruby-1.9.2-p0/gems/actionpack-3.0.0/lib/action_dispatch/middleware/templates/rescues/_request_and_response.erb (13.5ms)
Rendered /home/bryano/.rvm/gems/ruby-1.9.2-p0/gems/actionpack-3.0.0/lib/action_dispatch/middleware/templates/rescues/diagnostics.erb within rescues/layout (23.3ms)


Started GET "/articles/new" for 127.0.0.1 at 2010-11-23 11:27:24 -0500
  Processing by ArticlesController#new as HTML
mongoidism_development['authors'].find({}, {})
Rendered articles/_form.html.erb (136.0ms)
Rendered articles/new.html.erb within layouts/application (143.7ms)
Completed 200 OK in 154ms (Views: 150.8ms | ActiveRecord: 0.0ms)


Started POST "/articles" for 127.0.0.1 at 2010-11-23 11:27:47 -0500
  Processing by ArticlesController#create as HTML
  Parameters: {"utf8"=>"✓", "authenticity_token"=>"ocGhX+N+Oq52VTUSLQZbCeHqBs3ueMTQz1xoZIqLU8E=", "article"=>{"name"=>"Sowhat", "author_id"=>"Bushroot", "blog"=>"Whocares", "published_on(1i)"=>"2010", "published_on(2i)"=>"11", "published_on(3i)"=>"23", "content"=>"Today's theme is ennui!"}, "commit"=>"Create Article"}
mongoidism_development['authors'].find({:_id=>"Bushroot"}, {}).limit(-1)
Completed   in 6ms

Mongoid::Errors::DocumentNotFound (Document not found for class Author with id(s) Bushroot.):
  app/controllers/articles_controller.rb:46:in `block in create'
  app/controllers/articles_controller.rb:45:in `create'

Rendered /home/bryano/.rvm/gems/ruby-1.9.2-p0/gems/actionpack-3.0.0/lib/action_dispatch/middleware/templates/rescues/_trace.erb (2.4ms)
Rendered /home/bryano/.rvm/gems/ruby-1.9.2-p0/gems/actionpack-3.0.0/lib/action_dispatch/middleware/templates/rescues/_request_and_response.erb (79.2ms)
Rendered /home/bryano/.rvm/gems/ruby-1.9.2-p0/gems/actionpack-3.0.0/lib/action_dispatch/middleware/templates/rescues/diagnostics.erb within rescues/layout (92.7ms)


Started GET "/articles/new" for 127.0.0.1 at 2010-11-23 11:28:46 -0500
  Processing by ArticlesController#new as HTML
mongoidism_development['authors'].find({}, {})
Rendered articles/_form.html.erb (16.6ms)
Rendered articles/new.html.erb within layouts/application (22.5ms)
Completed 200 OK in 32ms (Views: 30.1ms | ActiveRecord: 0.0ms)


Started GET "/articles/new" for 127.0.0.1 at 2010-11-23 11:28:57 -0500
  Processing by ArticlesController#new as HTML
mongoidism_development['authors'].find({}, {})
Rendered articles/_form.html.erb (28.3ms)
Rendered articles/new.html.erb within layouts/application (40.0ms)
Completed 200 OK in 112ms (Views: 110.1ms | ActiveRecord: 0.0ms)


Started GET "/articles/new" for 127.0.0.1 at 2010-11-23 11:31:05 -0500
  Processing by ArticlesController#new as HTML
mongoidism_development['authors'].find({}, {})
Rendered articles/_form.html.erb (16.8ms)
Rendered articles/new.html.erb within layouts/application (22.9ms)
Completed 200 OK in 34ms (Views: 31.6ms | ActiveRecord: 0.0ms)


Started GET "/articles/new" for 127.0.0.1 at 2010-11-23 11:31:18 -0500
  Processing by ArticlesController#new as HTML
mongoidism_development['authors'].find({}, {})
Rendered articles/_form.html.erb (16.5ms)
Rendered articles/new.html.erb within layouts/application (22.5ms)
Completed 200 OK in 32ms (Views: 29.7ms | ActiveRecord: 0.0ms)


Started GET "/articles/new" for 127.0.0.1 at 2010-11-23 11:31:53 -0500
  Processing by ArticlesController#new as HTML
mongoidism_development['authors'].find({}, {})
Rendered articles/_form.html.erb (24.9ms)
Rendered articles/new.html.erb within layouts/application (31.4ms)
Completed 200 OK in 41ms (Views: 38.8ms | ActiveRecord: 0.0ms)


Started POST "/articles" for 127.0.0.1 at 2010-11-23 11:32:10 -0500
  Processing by ArticlesController#create as HTML
  Parameters: {"utf8"=>"✓", "authenticity_token"=>"ocGhX+N+Oq52VTUSLQZbCeHqBs3ueMTQz1xoZIqLU8E=", "article"=>{"name"=>"Testaroo", "author_id"=>"bushroot", "blog"=>"So?", "published_on(1i)"=>"2010", "published_on(2i)"=>"11", "published_on(3i)"=>"23", "content"=>"Gotta love indifference"}, "commit"=>"Create Article"}
mongoidism_development['authors'].find({:_id=>"bushroot"}, {}).limit(-1)
MONGODB mongoidism_development['articles'].insert([{"name"=>"Testaroo", "author_id"=>"bushroot", "blog"=>"So?", "content"=>"Gotta love indifference", "published_on"=>2010-11-23 00:00:00 UTC, "_id"=>BSON::ObjectId('4cebec8a421aa92c4b000008')}])
Redirected to http://localhost:7890/articles/4cebec8a421aa92c4b000008
Completed 302 Found in 8ms


Started GET "/articles/4cebec8a421aa92c4b000008" for 127.0.0.1 at 2010-11-23 11:32:10 -0500
  Processing by ArticlesController#show as HTML
  Parameters: {"id"=>"4cebec8a421aa92c4b000008"}
mongoidism_development['articles'].find({:_id=>BSON::ObjectId('4cebec8a421aa92c4b000008')}, {}).limit(-1)
mongoidism_development['authors'].find({:_id=>"bushroot"}, {}).limit(-1)
Rendered articles/show.html.erb within layouts/application (7.9ms)
Completed 200 OK in 20ms (Views: 17.2ms | ActiveRecord: 0.0ms)
admin['$cmd'].find({:ismaster=>1}, {}).limit(-1)
admin['$cmd'].find({:buildinfo=>1}, {}).limit(-1)


Started GET "/articles" for 127.0.0.1 at 2010-12-02 19:06:10 -0500
  Processing by ArticlesController#index as HTML
mongoidism_development['articles'].find({}, {})
mongoidism_development['authors'].find({:_id=>"twain"}, {}).limit(-1)
mongoidism_development['authors'].find({:_id=>"twain"}, {}).limit(-1)
mongoidism_development['authors'].find({:_id=>"twain"}, {}).limit(-1)
mongoidism_development['authors'].find({:_id=>"twain"}, {}).limit(-1)
Rendered articles/index.html.erb within layouts/application (672.1ms)
Completed 200 OK in 721ms (Views: 720.1ms | ActiveRecord: 0.0ms)


Started GET "/authors" for 127.0.0.1 at 2010-12-02 19:13:52 -0500
  Processing by AuthorsController#index as HTML
mongoidism_development['authors'].find({}, {})
Rendered authors/index.html.erb within layouts/application (16.6ms)
Completed 200 OK in 68ms (Views: 67.2ms | ActiveRecord: 0.0ms)


Started GET "/authors/new" for 127.0.0.1 at 2010-12-02 19:13:56 -0500
  Processing by AuthorsController#new as HTML
Rendered authors/_form.html.erb (166.0ms)
Rendered authors/new.html.erb within layouts/application (197.6ms)
Completed 200 OK in 238ms (Views: 237.2ms | ActiveRecord: 0.0ms)


Started POST "/authors" for 127.0.0.1 at 2010-12-02 19:14:28 -0500
  Processing by AuthorsController#create as HTML
  Parameters: {"utf8"=>"✓", "authenticity_token"=>"Xn4wcJd3pJiOQNWb58zryCI2NHuDw+0JlZ/9ZhrvUQ4=", "author"=>{"shortname"=>"cordy", "fullname"=>"Cordwainer Smith", "login"=>"csmith", "password"=>"[FILTERED]", "modified_on(1i)"=>"2010", "modified_on(2i)"=>"12", "modified_on(3i)"=>"3"}, "commit"=>"Create Author"}
mongoidism_development['articles'].find({"author_id"=>"cordy"}, {})
MONGODB mongoidism_development['authors'].insert([{"shortname"=>"cordy", "fullname"=>"Cordwainer Smith", "login"=>"csmith", "password"=>"password", "modified_on"=>2010-12-03 00:00:00 UTC, "_id"=>"cordy"}])
Redirected to http://localhost:7890/authors/cordy
Completed 302 Found in 170ms


Started GET "/authors/cordy" for 127.0.0.1 at 2010-12-02 19:14:29 -0500
  Processing by AuthorsController#show as HTML
  Parameters: {"id"=>"cordy"}
mongoidism_development['authors'].find({:_id=>"cordy"}, {}).limit(-1)
Rendered authors/show.html.erb within layouts/application (8.8ms)
Completed 200 OK in 94ms (Views: 93.0ms | ActiveRecord: 0.0ms)


Started GET "/authors" for 127.0.0.1 at 2010-12-02 19:14:31 -0500
  Processing by AuthorsController#index as HTML
mongoidism_development['authors'].find({}, {})
Rendered authors/index.html.erb within layouts/application (5.9ms)
Completed 200 OK in 38ms (Views: 37.9ms | ActiveRecord: 0.0ms)
